<?xml version="1.0" encoding="UTF-8"?>
<testsuite name="com.fastcampus.pass.repository.packaze.PackageRepositoryTest" tests="1" skipped="0" failures="0" errors="0" timestamp="2023-05-22T14:58:29" hostname="meui-MacBookAir.local" time="0.549">
  <properties/>
  <testcase name="test_delete()" classname="com.fastcampus.pass.repository.packaze.PackageRepositoryTest" time="0.549"/>
  <system-out><![CDATA[23:58:21.448 [Test worker] DEBUG org.springframework.test.context.BootstrapUtils - Instantiating CacheAwareContextLoaderDelegate from class [org.springframework.test.context.cache.DefaultCacheAwareContextLoaderDelegate]
23:58:21.462 [Test worker] DEBUG org.springframework.test.context.BootstrapUtils - Instantiating BootstrapContext using constructor [public org.springframework.test.context.support.DefaultBootstrapContext(java.lang.Class,org.springframework.test.context.CacheAwareContextLoaderDelegate)]
23:58:21.502 [Test worker] DEBUG org.springframework.test.context.BootstrapUtils - Instantiating TestContextBootstrapper for test class [com.fastcampus.pass.repository.packaze.PackageRepositoryTest] from class [org.springframework.boot.test.context.SpringBootTestContextBootstrapper]
23:58:21.514 [Test worker] INFO org.springframework.boot.test.context.SpringBootTestContextBootstrapper - Neither @ContextConfiguration nor @ContextHierarchy found for test class [com.fastcampus.pass.repository.packaze.PackageRepositoryTest], using SpringBootContextLoader
23:58:21.518 [Test worker] DEBUG org.springframework.test.context.support.AbstractContextLoader - Did not detect default resource location for test class [com.fastcampus.pass.repository.packaze.PackageRepositoryTest]: class path resource [com/fastcampus/pass/repository/packaze/PackageRepositoryTest-context.xml] does not exist
23:58:21.518 [Test worker] DEBUG org.springframework.test.context.support.AbstractContextLoader - Did not detect default resource location for test class [com.fastcampus.pass.repository.packaze.PackageRepositoryTest]: class path resource [com/fastcampus/pass/repository/packaze/PackageRepositoryTestContext.groovy] does not exist
23:58:21.518 [Test worker] INFO org.springframework.test.context.support.AbstractContextLoader - Could not detect default resource locations for test class [com.fastcampus.pass.repository.packaze.PackageRepositoryTest]: no resource found for suffixes {-context.xml, Context.groovy}.
23:58:21.519 [Test worker] INFO org.springframework.test.context.support.AnnotationConfigContextLoaderUtils - Could not detect default configuration classes for test class [com.fastcampus.pass.repository.packaze.PackageRepositoryTest]: PackageRepositoryTest does not declare any static, non-private, non-final, nested classes annotated with @Configuration.
23:58:21.704 [Test worker] DEBUG org.springframework.context.annotation.ClassPathScanningCandidateComponentProvider - Identified candidate component class: file [/Applications/workspace/fastcamp/pass-batch/build/classes/java/main/com/fastcampus/pass/PassBatchApplication.class]
23:58:21.706 [Test worker] INFO org.springframework.boot.test.context.SpringBootTestContextBootstrapper - Found @SpringBootConfiguration com.fastcampus.pass.PassBatchApplication for test class com.fastcampus.pass.repository.packaze.PackageRepositoryTest
23:58:21.820 [Test worker] DEBUG org.springframework.boot.test.context.SpringBootTestContextBootstrapper - @TestExecutionListeners is not present for class [com.fastcampus.pass.repository.packaze.PackageRepositoryTest]: using defaults.
23:58:21.821 [Test worker] INFO org.springframework.boot.test.context.SpringBootTestContextBootstrapper - Loaded default TestExecutionListener class names from location [META-INF/spring.factories]: [org.springframework.boot.test.autoconfigure.restdocs.RestDocsTestExecutionListener, org.springframework.boot.test.autoconfigure.web.client.MockRestServiceServerResetTestExecutionListener, org.springframework.boot.test.autoconfigure.web.servlet.MockMvcPrintOnlyOnFailureTestExecutionListener, org.springframework.boot.test.autoconfigure.web.servlet.WebDriverTestExecutionListener, org.springframework.boot.test.autoconfigure.webservices.client.MockWebServiceServerTestExecutionListener, org.springframework.boot.test.mock.mockito.MockitoTestExecutionListener, org.springframework.boot.test.mock.mockito.ResetMocksTestExecutionListener, org.springframework.test.context.web.ServletTestExecutionListener, org.springframework.test.context.support.DirtiesContextBeforeModesTestExecutionListener, org.springframework.test.context.event.ApplicationEventsTestExecutionListener, org.springframework.test.context.support.DependencyInjectionTestExecutionListener, org.springframework.test.context.support.DirtiesContextTestExecutionListener, org.springframework.test.context.transaction.TransactionalTestExecutionListener, org.springframework.test.context.jdbc.SqlScriptsTestExecutionListener, org.springframework.test.context.event.EventPublishingTestExecutionListener]
23:58:21.839 [Test worker] INFO org.springframework.boot.test.context.SpringBootTestContextBootstrapper - Using TestExecutionListeners: [org.springframework.test.context.web.ServletTestExecutionListener@7c7d3c46, org.springframework.test.context.support.DirtiesContextBeforeModesTestExecutionListener@24fb6a80, org.springframework.test.context.event.ApplicationEventsTestExecutionListener@48c35007, org.springframework.boot.test.mock.mockito.MockitoTestExecutionListener@72a85671, org.springframework.boot.test.autoconfigure.SpringBootDependencyInjectionTestExecutionListener@6722db6e, org.springframework.test.context.support.DirtiesContextTestExecutionListener@18f20260, org.springframework.test.context.transaction.TransactionalTestExecutionListener@4ae33a11, org.springframework.test.context.jdbc.SqlScriptsTestExecutionListener@7a48e6e2, org.springframework.test.context.event.EventPublishingTestExecutionListener@b40bb6e, org.springframework.boot.test.autoconfigure.restdocs.RestDocsTestExecutionListener@3a94964, org.springframework.boot.test.autoconfigure.web.client.MockRestServiceServerResetTestExecutionListener@5049d8b2, org.springframework.boot.test.autoconfigure.web.servlet.MockMvcPrintOnlyOnFailureTestExecutionListener@6d0b5baf, org.springframework.boot.test.autoconfigure.web.servlet.WebDriverTestExecutionListener@631e06ab, org.springframework.boot.test.autoconfigure.webservices.client.MockWebServiceServerTestExecutionListener@2a3591c5, org.springframework.boot.test.mock.mockito.ResetMocksTestExecutionListener@34a75079]
23:58:21.843 [Test worker] DEBUG org.springframework.test.context.support.AbstractDirtiesContextTestExecutionListener - Before test class: context [DefaultTestContext@5b58ed3c testClass = PackageRepositoryTest, testInstance = [null], testMethod = [null], testException = [null], mergedContextConfiguration = [WebMergedContextConfiguration@24faea88 testClass = PackageRepositoryTest, locations = '{}', classes = '{class com.fastcampus.pass.PassBatchApplication}', contextInitializerClasses = '[]', activeProfiles = '{test}', propertySourceLocations = '{}', propertySourceProperties = '{org.springframework.boot.test.context.SpringBootTestContextBootstrapper=true}', contextCustomizers = set[org.springframework.boot.test.autoconfigure.actuate.metrics.MetricsExportContextCustomizerFactory$DisableMetricExportContextCustomizer@2bd08376, org.springframework.boot.test.autoconfigure.properties.PropertyMappingContextCustomizer@0, org.springframework.boot.test.autoconfigure.web.servlet.WebDriverContextCustomizerFactory$Customizer@3c7c886c, org.springframework.boot.test.context.filter.ExcludeFilterContextCustomizer@2f16c6b3, org.springframework.boot.test.json.DuplicateJsonObjectContextCustomizerFactory$DuplicateJsonObjectContextCustomizer@53941c2f, org.springframework.boot.test.mock.mockito.MockitoContextCustomizer@0, org.springframework.boot.test.web.client.TestRestTemplateContextCustomizer@7e6ef134, org.springframework.boot.test.web.reactive.server.WebTestClientContextCustomizer@7f132176, org.springframework.boot.test.context.SpringBootTestArgs@1, org.springframework.boot.test.context.SpringBootTestWebEnvironment@c03cf28], resourceBasePath = 'src/main/webapp', contextLoader = 'org.springframework.boot.test.context.SpringBootContextLoader', parent = [null]], attributes = map['org.springframework.test.context.web.ServletTestExecutionListener.activateListener' -> true]], class annotated with @DirtiesContext [false] with mode [null].

  .   ____          _            __ _ _
 /\\ / ___'_ __ _ _(_)_ __  __ _ \ \ \ \
( ( )\___ | '_ | '_| | '_ \/ _` | \ \ \ \
 \\/  ___)| |_)| | | | | || (_| |  ) ) ) )
  '  |____| .__|_| |_|_| |_\__, | / / / /
 =========|_|==============|___/=/_/_/_/
 :: Spring Boot ::                (v2.7.3)

2023-05-22 23:58:22.375  INFO 75117 --- [    Test worker] c.f.p.r.packaze.PackageRepositoryTest    : Starting PackageRepositoryTest using Java 18.0.2.1 on meui-MacBookAir.local with PID 75117 (started by me in /Applications/workspace/fastcamp/pass-batch)
2023-05-22 23:58:22.377  INFO 75117 --- [    Test worker] c.f.p.r.packaze.PackageRepositoryTest    : The following 1 profile is active: "test"
2023-05-22 23:58:23.459  INFO 75117 --- [    Test worker] .s.d.r.c.RepositoryConfigurationDelegate : Bootstrapping Spring Data JPA repositories in DEFAULT mode.
2023-05-22 23:58:23.609  INFO 75117 --- [    Test worker] .s.d.r.c.RepositoryConfigurationDelegate : Finished Spring Data repository scanning in 143 ms. Found 4 JPA repository interfaces.
2023-05-22 23:58:23.847  INFO 75117 --- [    Test worker] faultConfiguringBeanFactoryPostProcessor : No bean named 'errorChannel' has been explicitly defined. Therefore, a default PublishSubscribeChannel will be created.
2023-05-22 23:58:23.866  INFO 75117 --- [    Test worker] faultConfiguringBeanFactoryPostProcessor : No bean named 'integrationHeaderChannelRegistry' has been explicitly defined. Therefore, a default DefaultHeaderChannelRegistry will be created.
2023-05-22 23:58:24.382  INFO 75117 --- [    Test worker] trationDelegate$BeanPostProcessorChecker : Bean 'org.springframework.integration.config.IntegrationManagementConfiguration' of type [org.springframework.integration.config.IntegrationManagementConfiguration] is not eligible for getting processed by all BeanPostProcessors (for example: not eligible for auto-proxying)
2023-05-22 23:58:24.411  INFO 75117 --- [    Test worker] trationDelegate$BeanPostProcessorChecker : Bean 'integrationChannelResolver' of type [org.springframework.integration.support.channel.BeanFactoryChannelResolver] is not eligible for getting processed by all BeanPostProcessors (for example: not eligible for auto-proxying)
2023-05-22 23:58:24.664  INFO 75117 --- [    Test worker] com.zaxxer.hikari.HikariDataSource       : HikariPool-1 - Starting...
2023-05-22 23:58:25.132  INFO 75117 --- [    Test worker] com.zaxxer.hikari.HikariDataSource       : HikariPool-1 - Start completed.
2023-05-22 23:58:25.601  INFO 75117 --- [    Test worker] o.hibernate.jpa.internal.util.LogHelper  : HHH000204: Processing PersistenceUnitInfo [name: default]
2023-05-22 23:58:25.653  INFO 75117 --- [    Test worker] org.hibernate.Version                    : HHH000412: Hibernate ORM core version 5.6.10.Final
2023-05-22 23:58:25.812  INFO 75117 --- [    Test worker] o.hibernate.annotations.common.Version   : HCANN000001: Hibernate Commons Annotations {5.1.2.Final}
2023-05-22 23:58:25.931  INFO 75117 --- [    Test worker] org.hibernate.dialect.Dialect            : HHH000400: Using dialect: org.hibernate.dialect.MySQL8Dialect
2023-05-22 23:58:26.634  INFO 75117 --- [    Test worker] o.h.e.t.j.p.i.JtaPlatformInitiator       : HHH000490: Using JtaPlatform implementation: [org.hibernate.engine.transaction.jta.platform.internal.NoJtaPlatform]
2023-05-22 23:58:26.655  INFO 75117 --- [    Test worker] j.LocalContainerEntityManagerFactoryBean : Initialized JPA EntityManagerFactory for persistence unit 'default'
2023-05-22 23:58:27.623  WARN 75117 --- [    Test worker] JpaBaseConfiguration$JpaWebConfiguration : spring.jpa.open-in-view is enabled by default. Therefore, database queries may be performed during view rendering. Explicitly configure spring.jpa.open-in-view to disable this warning
2023-05-22 23:58:28.229  WARN 75117 --- [    Test worker] o.s.b.a.batch.JpaBatchConfigurer         : JPA does not support custom isolation levels, so locks may not be taken when launching Jobs. To silence this warning, set 'spring.batch.jdbc.isolation-level-for-create' to 'default'.
2023-05-22 23:58:28.242  INFO 75117 --- [    Test worker] o.s.b.c.r.s.JobRepositoryFactoryBean     : No database type set, using meta data indicating: MYSQL
2023-05-22 23:58:28.259  INFO 75117 --- [    Test worker] o.s.b.c.l.support.SimpleJobLauncher      : No TaskExecutor has been set, defaulting to synchronous executor.
2023-05-22 23:58:29.569  INFO 75117 --- [    Test worker] o.s.i.endpoint.EventDrivenConsumer       : Adding {logging-channel-adapter:_org.springframework.integration.errorLogger} as a subscriber to the 'errorChannel' channel
2023-05-22 23:58:29.570  INFO 75117 --- [    Test worker] o.s.i.channel.PublishSubscribeChannel    : Channel 'pass-batch.errorChannel' has 1 subscriber(s).
2023-05-22 23:58:29.570  INFO 75117 --- [    Test worker] o.s.i.endpoint.EventDrivenConsumer       : started bean '_org.springframework.integration.errorLogger'
2023-05-22 23:58:29.584  INFO 75117 --- [    Test worker] c.f.p.r.packaze.PackageRepositoryTest    : Started PackageRepositoryTest in 7.659 seconds (JVM running for 9.215)
2023-05-22 23:58:29.591  INFO 75117 --- [    Test worker] o.s.b.a.b.JobLauncherApplicationRunner   : Running default command line with: []
2023-05-22 23:58:29.842  INFO 75117 --- [    Test worker] o.s.b.c.l.support.SimpleJobLauncher      : Job: [SimpleJob: [name=passJob]] launched with the following parameters: [{}]
2023-05-22 23:58:29.882  INFO 75117 --- [    Test worker] o.s.batch.core.job.SimpleStepHandler     : Step already complete or not restartable, so no action to execute: StepExecution: id=1, version=3, name=passStep, status=COMPLETED, exitStatus=COMPLETED, readCount=0, filterCount=0, writeCount=0 readSkipCount=0, writeSkipCount=0, processSkipCount=0, commitCount=1, rollbackCount=0, exitDescription=
2023-05-22 23:58:29.898  INFO 75117 --- [    Test worker] o.s.b.c.l.support.SimpleJobLauncher      : Job: [SimpleJob: [name=passJob]] completed with the following parameters: [{}] and the following status: [COMPLETED] in 29ms
Hibernate: 
    insert 
    into
        package
        (created_at, modified_at, count, package_name, period) 
    values
        (?, ?, ?, ?, ?)
2023-05-22 23:58:30.339 TRACE 75117 --- [    Test worker] o.h.type.descriptor.sql.BasicBinder      : binding parameter [1] as [TIMESTAMP] - [2023-05-22T23:58:30.282040]
2023-05-22 23:58:30.342 TRACE 75117 --- [    Test worker] o.h.type.descriptor.sql.BasicBinder      : binding parameter [2] as [TIMESTAMP] - [2023-05-22T23:58:30.282040]
2023-05-22 23:58:30.343 TRACE 75117 --- [    Test worker] o.h.type.descriptor.sql.BasicBinder      : binding parameter [3] as [INTEGER] - [1]
2023-05-22 23:58:30.344 TRACE 75117 --- [    Test worker] o.h.type.descriptor.sql.BasicBinder      : binding parameter [4] as [VARCHAR] - [제거할 이용권]
2023-05-22 23:58:30.346 TRACE 75117 --- [    Test worker] o.h.type.descriptor.sql.BasicBinder      : binding parameter [5] as [INTEGER] - [null]
Hibernate: 
    select
        packageent0_.package_seq as package_1_1_0_,
        packageent0_.created_at as created_2_1_0_,
        packageent0_.modified_at as modified3_1_0_,
        packageent0_.count as count4_1_0_,
        packageent0_.package_name as package_5_1_0_,
        packageent0_.period as period6_1_0_ 
    from
        package packageent0_ 
    where
        packageent0_.package_seq=?
2023-05-22 23:58:30.413 TRACE 75117 --- [    Test worker] o.h.type.descriptor.sql.BasicBinder      : binding parameter [1] as [INTEGER] - [11]
2023-05-22 23:58:30.424 TRACE 75117 --- [    Test worker] o.h.type.descriptor.sql.BasicExtractor   : extracted value ([created_2_1_0_] : [TIMESTAMP]) - [2023-05-22T23:58:30]
2023-05-22 23:58:30.425 TRACE 75117 --- [    Test worker] o.h.type.descriptor.sql.BasicExtractor   : extracted value ([modified3_1_0_] : [TIMESTAMP]) - [2023-05-22T23:58:30]
2023-05-22 23:58:30.425 TRACE 75117 --- [    Test worker] o.h.type.descriptor.sql.BasicExtractor   : extracted value ([count4_1_0_] : [INTEGER]) - [1]
2023-05-22 23:58:30.426 TRACE 75117 --- [    Test worker] o.h.type.descriptor.sql.BasicExtractor   : extracted value ([package_5_1_0_] : [VARCHAR]) - [제거할 이용권]
2023-05-22 23:58:30.428 TRACE 75117 --- [    Test worker] o.h.type.descriptor.sql.BasicExtractor   : extracted value ([period6_1_0_] : [INTEGER]) - [null]
Hibernate: 
    delete 
    from
        package 
    where
        package_seq=?
2023-05-22 23:58:30.450 TRACE 75117 --- [    Test worker] o.h.type.descriptor.sql.BasicBinder      : binding parameter [1] as [INTEGER] - [11]
Hibernate: 
    select
        packageent0_.package_seq as package_1_1_0_,
        packageent0_.created_at as created_2_1_0_,
        packageent0_.modified_at as modified3_1_0_,
        packageent0_.count as count4_1_0_,
        packageent0_.package_name as package_5_1_0_,
        packageent0_.period as period6_1_0_ 
    from
        package packageent0_ 
    where
        packageent0_.package_seq=?
2023-05-22 23:58:30.471 TRACE 75117 --- [    Test worker] o.h.type.descriptor.sql.BasicBinder      : binding parameter [1] as [INTEGER] - [11]
]]></system-out>
  <system-err><![CDATA[]]></system-err>
</testsuite>
