<?xml version="1.0" encoding="UTF-8"?>
<testsuite name="com.fastcampus.pass.job.pass.ExpirePassesJobConfigTest" tests="1" skipped="0" failures="0" errors="0" timestamp="2023-05-22T19:11:33" hostname="meui-MacBookAir.local" time="0.895">
  <properties/>
  <testcase name="test_expirePassesStep()" classname="com.fastcampus.pass.job.pass.ExpirePassesJobConfigTest" time="0.895"/>
  <system-out><![CDATA[04:11:24.673 [Test worker] DEBUG org.springframework.test.context.BootstrapUtils - Instantiating CacheAwareContextLoaderDelegate from class [org.springframework.test.context.cache.DefaultCacheAwareContextLoaderDelegate]
04:11:24.688 [Test worker] DEBUG org.springframework.test.context.BootstrapUtils - Instantiating BootstrapContext using constructor [public org.springframework.test.context.support.DefaultBootstrapContext(java.lang.Class,org.springframework.test.context.CacheAwareContextLoaderDelegate)]
04:11:24.742 [Test worker] DEBUG org.springframework.test.context.BootstrapUtils - Instantiating TestContextBootstrapper for test class [com.fastcampus.pass.job.pass.ExpirePassesJobConfigTest] from class [org.springframework.boot.test.context.SpringBootTestContextBootstrapper]
04:11:24.788 [Test worker] DEBUG org.springframework.test.context.support.AbstractContextLoader - Did not detect default resource location for test class [com.fastcampus.pass.job.pass.ExpirePassesJobConfigTest]: class path resource [com/fastcampus/pass/job/pass/ExpirePassesJobConfigTest-context.xml] does not exist
04:11:24.788 [Test worker] DEBUG org.springframework.test.context.support.AbstractContextLoader - Did not detect default resource location for test class [com.fastcampus.pass.job.pass.ExpirePassesJobConfigTest]: class path resource [com/fastcampus/pass/job/pass/ExpirePassesJobConfigTestContext.groovy] does not exist
04:11:24.788 [Test worker] INFO org.springframework.test.context.support.AbstractContextLoader - Could not detect default resource locations for test class [com.fastcampus.pass.job.pass.ExpirePassesJobConfigTest]: no resource found for suffixes {-context.xml, Context.groovy}.
04:11:24.964 [Test worker] DEBUG org.springframework.boot.test.context.SpringBootTestContextBootstrapper - Merging default listeners with listeners configured via @TestExecutionListeners for class [com.fastcampus.pass.job.pass.ExpirePassesJobConfigTest].
04:11:24.964 [Test worker] INFO org.springframework.boot.test.context.SpringBootTestContextBootstrapper - Loaded default TestExecutionListener class names from location [META-INF/spring.factories]: [org.springframework.boot.test.autoconfigure.restdocs.RestDocsTestExecutionListener, org.springframework.boot.test.autoconfigure.web.client.MockRestServiceServerResetTestExecutionListener, org.springframework.boot.test.autoconfigure.web.servlet.MockMvcPrintOnlyOnFailureTestExecutionListener, org.springframework.boot.test.autoconfigure.web.servlet.WebDriverTestExecutionListener, org.springframework.boot.test.autoconfigure.webservices.client.MockWebServiceServerTestExecutionListener, org.springframework.boot.test.mock.mockito.MockitoTestExecutionListener, org.springframework.boot.test.mock.mockito.ResetMocksTestExecutionListener, org.springframework.test.context.web.ServletTestExecutionListener, org.springframework.test.context.support.DirtiesContextBeforeModesTestExecutionListener, org.springframework.test.context.event.ApplicationEventsTestExecutionListener, org.springframework.test.context.support.DependencyInjectionTestExecutionListener, org.springframework.test.context.support.DirtiesContextTestExecutionListener, org.springframework.test.context.transaction.TransactionalTestExecutionListener, org.springframework.test.context.jdbc.SqlScriptsTestExecutionListener, org.springframework.test.context.event.EventPublishingTestExecutionListener]
04:11:24.984 [Test worker] INFO org.springframework.boot.test.context.SpringBootTestContextBootstrapper - Using TestExecutionListeners: [org.springframework.test.context.web.ServletTestExecutionListener@306851c7, org.springframework.test.context.support.DirtiesContextBeforeModesTestExecutionListener@12bcd0c0, org.springframework.test.context.event.ApplicationEventsTestExecutionListener@4879f0f2, org.springframework.boot.test.mock.mockito.MockitoTestExecutionListener@47db5fa5, org.springframework.boot.test.autoconfigure.SpringBootDependencyInjectionTestExecutionListener@354fc8f0, org.springframework.test.context.support.DirtiesContextTestExecutionListener@41813449, org.springframework.test.context.transaction.TransactionalTestExecutionListener@4678a2eb, org.springframework.test.context.jdbc.SqlScriptsTestExecutionListener@5b43fbf6, org.springframework.test.context.event.EventPublishingTestExecutionListener@1080b026, org.springframework.boot.test.autoconfigure.restdocs.RestDocsTestExecutionListener@58ebfd03, org.springframework.boot.test.autoconfigure.web.client.MockRestServiceServerResetTestExecutionListener@5b07730f, org.springframework.boot.test.autoconfigure.web.servlet.MockMvcPrintOnlyOnFailureTestExecutionListener@1fdfafd2, org.springframework.boot.test.autoconfigure.web.servlet.WebDriverTestExecutionListener@a4b2d8f, org.springframework.boot.test.autoconfigure.webservices.client.MockWebServiceServerTestExecutionListener@dcfda20, org.springframework.boot.test.mock.mockito.ResetMocksTestExecutionListener@6d304f9d, org.springframework.batch.test.StepScopeTestExecutionListener@f73dcd6, org.springframework.batch.test.JobScopeTestExecutionListener@5c87bfe2]
04:11:24.987 [Test worker] DEBUG org.springframework.test.context.support.AbstractDirtiesContextTestExecutionListener - Before test class: context [DefaultTestContext@5bfa8cc5 testClass = ExpirePassesJobConfigTest, testInstance = [null], testMethod = [null], testException = [null], mergedContextConfiguration = [WebMergedContextConfiguration@666b83a4 testClass = ExpirePassesJobConfigTest, locations = '{}', classes = '{class com.fastcampus.pass.job.pass.ExpirePassesJobConfig, class com.fastcampus.pass.config.TestBatchConfig}', contextInitializerClasses = '[]', activeProfiles = '{test}', propertySourceLocations = '{}', propertySourceProperties = '{org.springframework.boot.test.context.SpringBootTestContextBootstrapper=true}', contextCustomizers = set[org.springframework.batch.test.context.BatchTestContextCustomizer@39a2bb97, org.springframework.boot.test.autoconfigure.actuate.metrics.MetricsExportContextCustomizerFactory$DisableMetricExportContextCustomizer@4426bff1, org.springframework.boot.test.autoconfigure.properties.PropertyMappingContextCustomizer@0, org.springframework.boot.test.autoconfigure.web.servlet.WebDriverContextCustomizerFactory$Customizer@4ed5eb72, org.springframework.boot.test.context.filter.ExcludeFilterContextCustomizer@40db2a24, org.springframework.boot.test.json.DuplicateJsonObjectContextCustomizerFactory$DuplicateJsonObjectContextCustomizer@7f132176, org.springframework.boot.test.mock.mockito.MockitoContextCustomizer@0, org.springframework.boot.test.web.client.TestRestTemplateContextCustomizer@5e4bd84a, org.springframework.boot.test.web.reactive.server.WebTestClientContextCustomizer@53de625d, org.springframework.boot.test.context.SpringBootTestArgs@1, org.springframework.boot.test.context.SpringBootTestWebEnvironment@19d481b], resourceBasePath = 'src/main/webapp', contextLoader = 'org.springframework.boot.test.context.SpringBootContextLoader', parent = [null]], attributes = map['org.springframework.test.context.web.ServletTestExecutionListener.activateListener' -> true]], class annotated with @DirtiesContext [false] with mode [null].

  .   ____          _            __ _ _
 /\\ / ___'_ __ _ _(_)_ __  __ _ \ \ \ \
( ( )\___ | '_ | '_| | '_ \/ _` | \ \ \ \
 \\/  ___)| |_)| | | | | || (_| |  ) ) ) )
  '  |____| .__|_| |_|_| |_\__, | / / / /
 =========|_|==============|___/=/_/_/_/
 :: Spring Boot ::                (v2.7.3)

2023-05-23 04:11:25.563  INFO 89419 --- [    Test worker] c.f.p.j.pass.ExpirePassesJobConfigTest   : Starting ExpirePassesJobConfigTest using Java 18.0.2.1 on meui-MacBookAir.local with PID 89419 (started by me in /Applications/workspace/fastcamp/pass-batch)
2023-05-23 04:11:25.564  INFO 89419 --- [    Test worker] c.f.p.j.pass.ExpirePassesJobConfigTest   : The following 1 profile is active: "test"
2023-05-23 04:11:26.441  INFO 89419 --- [    Test worker] .s.d.r.c.RepositoryConfigurationDelegate : Bootstrapping Spring Data JPA repositories in DEFAULT mode.
2023-05-23 04:11:26.625  INFO 89419 --- [    Test worker] .s.d.r.c.RepositoryConfigurationDelegate : Finished Spring Data repository scanning in 172 ms. Found 4 JPA repository interfaces.
2023-05-23 04:11:27.190  INFO 89419 --- [    Test worker] faultConfiguringBeanFactoryPostProcessor : No bean named 'errorChannel' has been explicitly defined. Therefore, a default PublishSubscribeChannel will be created.
2023-05-23 04:11:27.212  INFO 89419 --- [    Test worker] faultConfiguringBeanFactoryPostProcessor : No bean named 'integrationHeaderChannelRegistry' has been explicitly defined. Therefore, a default DefaultHeaderChannelRegistry will be created.
2023-05-23 04:11:27.730  INFO 89419 --- [    Test worker] trationDelegate$BeanPostProcessorChecker : Bean 'org.springframework.integration.config.IntegrationManagementConfiguration' of type [org.springframework.integration.config.IntegrationManagementConfiguration] is not eligible for getting processed by all BeanPostProcessors (for example: not eligible for auto-proxying)
2023-05-23 04:11:27.762  INFO 89419 --- [    Test worker] trationDelegate$BeanPostProcessorChecker : Bean 'integrationChannelResolver' of type [org.springframework.integration.support.channel.BeanFactoryChannelResolver] is not eligible for getting processed by all BeanPostProcessors (for example: not eligible for auto-proxying)
2023-05-23 04:11:28.023  INFO 89419 --- [    Test worker] com.zaxxer.hikari.HikariDataSource       : HikariPool-1 - Starting...
2023-05-23 04:11:28.514  INFO 89419 --- [    Test worker] com.zaxxer.hikari.HikariDataSource       : HikariPool-1 - Start completed.
2023-05-23 04:11:28.974  INFO 89419 --- [    Test worker] o.hibernate.jpa.internal.util.LogHelper  : HHH000204: Processing PersistenceUnitInfo [name: default]
2023-05-23 04:11:29.024  INFO 89419 --- [    Test worker] org.hibernate.Version                    : HHH000412: Hibernate ORM core version 5.6.10.Final
2023-05-23 04:11:29.174  INFO 89419 --- [    Test worker] o.hibernate.annotations.common.Version   : HCANN000001: Hibernate Commons Annotations {5.1.2.Final}
2023-05-23 04:11:29.282  INFO 89419 --- [    Test worker] org.hibernate.dialect.Dialect            : HHH000400: Using dialect: org.hibernate.dialect.MySQL8Dialect
2023-05-23 04:11:30.177  INFO 89419 --- [    Test worker] o.h.e.t.j.p.i.JtaPlatformInitiator       : HHH000490: Using JtaPlatform implementation: [org.hibernate.engine.transaction.jta.platform.internal.NoJtaPlatform]
2023-05-23 04:11:30.186  INFO 89419 --- [    Test worker] j.LocalContainerEntityManagerFactoryBean : Initialized JPA EntityManagerFactory for persistence unit 'default'
2023-05-23 04:11:31.874  WARN 89419 --- [    Test worker] JpaBaseConfiguration$JpaWebConfiguration : spring.jpa.open-in-view is enabled by default. Therefore, database queries may be performed during view rendering. Explicitly configure spring.jpa.open-in-view to disable this warning
2023-05-23 04:11:32.406  WARN 89419 --- [    Test worker] o.s.b.a.batch.JpaBatchConfigurer         : JPA does not support custom isolation levels, so locks may not be taken when launching Jobs. To silence this warning, set 'spring.batch.jdbc.isolation-level-for-create' to 'default'.
2023-05-23 04:11:32.419  INFO 89419 --- [    Test worker] o.s.b.c.r.s.JobRepositoryFactoryBean     : No database type set, using meta data indicating: MYSQL
2023-05-23 04:11:32.444  INFO 89419 --- [    Test worker] o.s.b.c.l.support.SimpleJobLauncher      : No TaskExecutor has been set, defaulting to synchronous executor.
2023-05-23 04:11:33.163  INFO 89419 --- [    Test worker] o.s.i.endpoint.EventDrivenConsumer       : Adding {logging-channel-adapter:_org.springframework.integration.errorLogger} as a subscriber to the 'errorChannel' channel
2023-05-23 04:11:33.165  INFO 89419 --- [    Test worker] o.s.i.channel.PublishSubscribeChannel    : Channel 'pass-batch.errorChannel' has 1 subscriber(s).
2023-05-23 04:11:33.166  INFO 89419 --- [    Test worker] o.s.i.endpoint.EventDrivenConsumer       : started bean '_org.springframework.integration.errorLogger'
2023-05-23 04:11:33.180  INFO 89419 --- [    Test worker] c.f.p.j.pass.ExpirePassesJobConfigTest   : Started ExpirePassesJobConfigTest in 8.133 seconds (JVM running for 9.618)
2023-05-23 04:11:33.188  INFO 89419 --- [    Test worker] o.s.b.a.b.JobLauncherApplicationRunner   : Running default command line with: []
2023-05-23 04:11:33.418  INFO 89419 --- [    Test worker] o.s.b.c.l.support.SimpleJobLauncher      : Job: [SimpleJob: [name=expirePassesJob]] launched with the following parameters: [{}]
2023-05-23 04:11:33.455  INFO 89419 --- [    Test worker] o.s.batch.core.job.SimpleStepHandler     : Step already complete or not restartable, so no action to execute: StepExecution: id=2, version=3, name=expirePassesJob, status=COMPLETED, exitStatus=COMPLETED, readCount=0, filterCount=0, writeCount=0 readSkipCount=0, writeSkipCount=0, processSkipCount=0, commitCount=1, rollbackCount=0, exitDescription=
2023-05-23 04:11:33.468  INFO 89419 --- [    Test worker] o.s.b.c.l.support.SimpleJobLauncher      : Job: [SimpleJob: [name=expirePassesJob]] completed with the following parameters: [{}] and the following status: [COMPLETED] in 25ms
Hibernate: 
    insert 
    into
        pass
        (created_at, modified_at, ended_at, expired_at, package_seq, remaining_count, started_at, status, user_id) 
    values
        (?, ?, ?, ?, ?, ?, ?, ?, ?)
2023-05-23 04:11:33.874 TRACE 89419 --- [    Test worker] o.h.type.descriptor.sql.BasicBinder      : binding parameter [1] as [TIMESTAMP] - [2023-05-23T04:11:33.838223]
2023-05-23 04:11:33.875 TRACE 89419 --- [    Test worker] o.h.type.descriptor.sql.BasicBinder      : binding parameter [2] as [TIMESTAMP] - [2023-05-23T04:11:33.838223]
2023-05-23 04:11:33.876 TRACE 89419 --- [    Test worker] o.h.type.descriptor.sql.BasicBinder      : binding parameter [3] as [TIMESTAMP] - [2023-05-22T04:11:33.802780]
2023-05-23 04:11:33.876 TRACE 89419 --- [    Test worker] o.h.type.descriptor.sql.BasicBinder      : binding parameter [4] as [TIMESTAMP] - [null]
2023-05-23 04:11:33.876 TRACE 89419 --- [    Test worker] o.h.type.descriptor.sql.BasicBinder      : binding parameter [5] as [INTEGER] - [1]
2023-05-23 04:11:33.877 TRACE 89419 --- [    Test worker] o.h.type.descriptor.sql.BasicBinder      : binding parameter [6] as [INTEGER] - [7]
2023-05-23 04:11:33.877 TRACE 89419 --- [    Test worker] o.h.type.descriptor.sql.BasicBinder      : binding parameter [7] as [TIMESTAMP] - [2023-03-24T04:11:33.802780]
2023-05-23 04:11:33.877 TRACE 89419 --- [    Test worker] o.h.type.descriptor.sql.BasicBinder      : binding parameter [8] as [VARCHAR] - [PROGRESS]
2023-05-23 04:11:33.877 TRACE 89419 --- [    Test worker] o.h.type.descriptor.sql.BasicBinder      : binding parameter [9] as [VARCHAR] - [A10000000]
Hibernate: 
    insert 
    into
        pass
        (created_at, modified_at, ended_at, expired_at, package_seq, remaining_count, started_at, status, user_id) 
    values
        (?, ?, ?, ?, ?, ?, ?, ?, ?)
2023-05-23 04:11:33.887 TRACE 89419 --- [    Test worker] o.h.type.descriptor.sql.BasicBinder      : binding parameter [1] as [TIMESTAMP] - [2023-05-23T04:11:33.886379]
2023-05-23 04:11:33.889 TRACE 89419 --- [    Test worker] o.h.type.descriptor.sql.BasicBinder      : binding parameter [2] as [TIMESTAMP] - [2023-05-23T04:11:33.886379]
2023-05-23 04:11:33.889 TRACE 89419 --- [    Test worker] o.h.type.descriptor.sql.BasicBinder      : binding parameter [3] as [TIMESTAMP] - [2023-05-22T04:11:33.802780]
2023-05-23 04:11:33.889 TRACE 89419 --- [    Test worker] o.h.type.descriptor.sql.BasicBinder      : binding parameter [4] as [TIMESTAMP] - [null]
2023-05-23 04:11:33.889 TRACE 89419 --- [    Test worker] o.h.type.descriptor.sql.BasicBinder      : binding parameter [5] as [INTEGER] - [1]
2023-05-23 04:11:33.889 TRACE 89419 --- [    Test worker] o.h.type.descriptor.sql.BasicBinder      : binding parameter [6] as [INTEGER] - [6]
2023-05-23 04:11:33.889 TRACE 89419 --- [    Test worker] o.h.type.descriptor.sql.BasicBinder      : binding parameter [7] as [TIMESTAMP] - [2023-03-24T04:11:33.802780]
2023-05-23 04:11:33.889 TRACE 89419 --- [    Test worker] o.h.type.descriptor.sql.BasicBinder      : binding parameter [8] as [VARCHAR] - [PROGRESS]
2023-05-23 04:11:33.889 TRACE 89419 --- [    Test worker] o.h.type.descriptor.sql.BasicBinder      : binding parameter [9] as [VARCHAR] - [A10000001]
Hibernate: 
    insert 
    into
        pass
        (created_at, modified_at, ended_at, expired_at, package_seq, remaining_count, started_at, status, user_id) 
    values
        (?, ?, ?, ?, ?, ?, ?, ?, ?)
2023-05-23 04:11:33.894 TRACE 89419 --- [    Test worker] o.h.type.descriptor.sql.BasicBinder      : binding parameter [1] as [TIMESTAMP] - [2023-05-23T04:11:33.893202]
2023-05-23 04:11:33.894 TRACE 89419 --- [    Test worker] o.h.type.descriptor.sql.BasicBinder      : binding parameter [2] as [TIMESTAMP] - [2023-05-23T04:11:33.893202]
2023-05-23 04:11:33.895 TRACE 89419 --- [    Test worker] o.h.type.descriptor.sql.BasicBinder      : binding parameter [3] as [TIMESTAMP] - [2023-05-22T04:11:33.802780]
2023-05-23 04:11:33.895 TRACE 89419 --- [    Test worker] o.h.type.descriptor.sql.BasicBinder      : binding parameter [4] as [TIMESTAMP] - [null]
2023-05-23 04:11:33.895 TRACE 89419 --- [    Test worker] o.h.type.descriptor.sql.BasicBinder      : binding parameter [5] as [INTEGER] - [1]
2023-05-23 04:11:33.895 TRACE 89419 --- [    Test worker] o.h.type.descriptor.sql.BasicBinder      : binding parameter [6] as [INTEGER] - [8]
2023-05-23 04:11:33.895 TRACE 89419 --- [    Test worker] o.h.type.descriptor.sql.BasicBinder      : binding parameter [7] as [TIMESTAMP] - [2023-03-24T04:11:33.802780]
2023-05-23 04:11:33.896 TRACE 89419 --- [    Test worker] o.h.type.descriptor.sql.BasicBinder      : binding parameter [8] as [VARCHAR] - [PROGRESS]
2023-05-23 04:11:33.896 TRACE 89419 --- [    Test worker] o.h.type.descriptor.sql.BasicBinder      : binding parameter [9] as [VARCHAR] - [A10000002]
Hibernate: 
    insert 
    into
        pass
        (created_at, modified_at, ended_at, expired_at, package_seq, remaining_count, started_at, status, user_id) 
    values
        (?, ?, ?, ?, ?, ?, ?, ?, ?)
2023-05-23 04:11:33.900 TRACE 89419 --- [    Test worker] o.h.type.descriptor.sql.BasicBinder      : binding parameter [1] as [TIMESTAMP] - [2023-05-23T04:11:33.899804]
2023-05-23 04:11:33.905 TRACE 89419 --- [    Test worker] o.h.type.descriptor.sql.BasicBinder      : binding parameter [2] as [TIMESTAMP] - [2023-05-23T04:11:33.899804]
2023-05-23 04:11:33.907 TRACE 89419 --- [    Test worker] o.h.type.descriptor.sql.BasicBinder      : binding parameter [3] as [TIMESTAMP] - [2023-05-22T04:11:33.802780]
2023-05-23 04:11:33.912 TRACE 89419 --- [    Test worker] o.h.type.descriptor.sql.BasicBinder      : binding parameter [4] as [TIMESTAMP] - [null]
2023-05-23 04:11:33.912 TRACE 89419 --- [    Test worker] o.h.type.descriptor.sql.BasicBinder      : binding parameter [5] as [INTEGER] - [1]
2023-05-23 04:11:33.912 TRACE 89419 --- [    Test worker] o.h.type.descriptor.sql.BasicBinder      : binding parameter [6] as [INTEGER] - [10]
2023-05-23 04:11:33.912 TRACE 89419 --- [    Test worker] o.h.type.descriptor.sql.BasicBinder      : binding parameter [7] as [TIMESTAMP] - [2023-03-24T04:11:33.802780]
2023-05-23 04:11:33.912 TRACE 89419 --- [    Test worker] o.h.type.descriptor.sql.BasicBinder      : binding parameter [8] as [VARCHAR] - [PROGRESS]
2023-05-23 04:11:33.913 TRACE 89419 --- [    Test worker] o.h.type.descriptor.sql.BasicBinder      : binding parameter [9] as [VARCHAR] - [A10000003]
Hibernate: 
    insert 
    into
        pass
        (created_at, modified_at, ended_at, expired_at, package_seq, remaining_count, started_at, status, user_id) 
    values
        (?, ?, ?, ?, ?, ?, ?, ?, ?)
2023-05-23 04:11:33.920 TRACE 89419 --- [    Test worker] o.h.type.descriptor.sql.BasicBinder      : binding parameter [1] as [TIMESTAMP] - [2023-05-23T04:11:33.919641]
2023-05-23 04:11:33.921 TRACE 89419 --- [    Test worker] o.h.type.descriptor.sql.BasicBinder      : binding parameter [2] as [TIMESTAMP] - [2023-05-23T04:11:33.919641]
2023-05-23 04:11:33.921 TRACE 89419 --- [    Test worker] o.h.type.descriptor.sql.BasicBinder      : binding parameter [3] as [TIMESTAMP] - [2023-05-22T04:11:33.802780]
2023-05-23 04:11:33.921 TRACE 89419 --- [    Test worker] o.h.type.descriptor.sql.BasicBinder      : binding parameter [4] as [TIMESTAMP] - [null]
2023-05-23 04:11:33.921 TRACE 89419 --- [    Test worker] o.h.type.descriptor.sql.BasicBinder      : binding parameter [5] as [INTEGER] - [1]
2023-05-23 04:11:33.921 TRACE 89419 --- [    Test worker] o.h.type.descriptor.sql.BasicBinder      : binding parameter [6] as [INTEGER] - [10]
2023-05-23 04:11:33.921 TRACE 89419 --- [    Test worker] o.h.type.descriptor.sql.BasicBinder      : binding parameter [7] as [TIMESTAMP] - [2023-03-24T04:11:33.802780]
2023-05-23 04:11:33.922 TRACE 89419 --- [    Test worker] o.h.type.descriptor.sql.BasicBinder      : binding parameter [8] as [VARCHAR] - [PROGRESS]
2023-05-23 04:11:33.922 TRACE 89419 --- [    Test worker] o.h.type.descriptor.sql.BasicBinder      : binding parameter [9] as [VARCHAR] - [A10000004]
Hibernate: 
    insert 
    into
        pass
        (created_at, modified_at, ended_at, expired_at, package_seq, remaining_count, started_at, status, user_id) 
    values
        (?, ?, ?, ?, ?, ?, ?, ?, ?)
2023-05-23 04:11:33.925 TRACE 89419 --- [    Test worker] o.h.type.descriptor.sql.BasicBinder      : binding parameter [1] as [TIMESTAMP] - [2023-05-23T04:11:33.925229]
2023-05-23 04:11:33.926 TRACE 89419 --- [    Test worker] o.h.type.descriptor.sql.BasicBinder      : binding parameter [2] as [TIMESTAMP] - [2023-05-23T04:11:33.925229]
2023-05-23 04:11:33.926 TRACE 89419 --- [    Test worker] o.h.type.descriptor.sql.BasicBinder      : binding parameter [3] as [TIMESTAMP] - [2023-05-22T04:11:33.802780]
2023-05-23 04:11:33.927 TRACE 89419 --- [    Test worker] o.h.type.descriptor.sql.BasicBinder      : binding parameter [4] as [TIMESTAMP] - [null]
2023-05-23 04:11:33.927 TRACE 89419 --- [    Test worker] o.h.type.descriptor.sql.BasicBinder      : binding parameter [5] as [INTEGER] - [1]
2023-05-23 04:11:33.927 TRACE 89419 --- [    Test worker] o.h.type.descriptor.sql.BasicBinder      : binding parameter [6] as [INTEGER] - [0]
2023-05-23 04:11:33.927 TRACE 89419 --- [    Test worker] o.h.type.descriptor.sql.BasicBinder      : binding parameter [7] as [TIMESTAMP] - [2023-03-24T04:11:33.802780]
2023-05-23 04:11:33.927 TRACE 89419 --- [    Test worker] o.h.type.descriptor.sql.BasicBinder      : binding parameter [8] as [VARCHAR] - [PROGRESS]
2023-05-23 04:11:33.928 TRACE 89419 --- [    Test worker] o.h.type.descriptor.sql.BasicBinder      : binding parameter [9] as [VARCHAR] - [A10000005]
Hibernate: 
    insert 
    into
        pass
        (created_at, modified_at, ended_at, expired_at, package_seq, remaining_count, started_at, status, user_id) 
    values
        (?, ?, ?, ?, ?, ?, ?, ?, ?)
2023-05-23 04:11:33.933 TRACE 89419 --- [    Test worker] o.h.type.descriptor.sql.BasicBinder      : binding parameter [1] as [TIMESTAMP] - [2023-05-23T04:11:33.930787]
2023-05-23 04:11:33.933 TRACE 89419 --- [    Test worker] o.h.type.descriptor.sql.BasicBinder      : binding parameter [2] as [TIMESTAMP] - [2023-05-23T04:11:33.930787]
2023-05-23 04:11:33.934 TRACE 89419 --- [    Test worker] o.h.type.descriptor.sql.BasicBinder      : binding parameter [3] as [TIMESTAMP] - [2023-05-22T04:11:33.802780]
2023-05-23 04:11:33.934 TRACE 89419 --- [    Test worker] o.h.type.descriptor.sql.BasicBinder      : binding parameter [4] as [TIMESTAMP] - [null]
2023-05-23 04:11:33.934 TRACE 89419 --- [    Test worker] o.h.type.descriptor.sql.BasicBinder      : binding parameter [5] as [INTEGER] - [1]
2023-05-23 04:11:33.934 TRACE 89419 --- [    Test worker] o.h.type.descriptor.sql.BasicBinder      : binding parameter [6] as [INTEGER] - [4]
2023-05-23 04:11:33.934 TRACE 89419 --- [    Test worker] o.h.type.descriptor.sql.BasicBinder      : binding parameter [7] as [TIMESTAMP] - [2023-03-24T04:11:33.802780]
2023-05-23 04:11:33.934 TRACE 89419 --- [    Test worker] o.h.type.descriptor.sql.BasicBinder      : binding parameter [8] as [VARCHAR] - [PROGRESS]
2023-05-23 04:11:33.934 TRACE 89419 --- [    Test worker] o.h.type.descriptor.sql.BasicBinder      : binding parameter [9] as [VARCHAR] - [A10000006]
Hibernate: 
    insert 
    into
        pass
        (created_at, modified_at, ended_at, expired_at, package_seq, remaining_count, started_at, status, user_id) 
    values
        (?, ?, ?, ?, ?, ?, ?, ?, ?)
2023-05-23 04:11:33.939 TRACE 89419 --- [    Test worker] o.h.type.descriptor.sql.BasicBinder      : binding parameter [1] as [TIMESTAMP] - [2023-05-23T04:11:33.937404]
2023-05-23 04:11:33.939 TRACE 89419 --- [    Test worker] o.h.type.descriptor.sql.BasicBinder      : binding parameter [2] as [TIMESTAMP] - [2023-05-23T04:11:33.937404]
2023-05-23 04:11:33.940 TRACE 89419 --- [    Test worker] o.h.type.descriptor.sql.BasicBinder      : binding parameter [3] as [TIMESTAMP] - [2023-05-22T04:11:33.802780]
2023-05-23 04:11:33.940 TRACE 89419 --- [    Test worker] o.h.type.descriptor.sql.BasicBinder      : binding parameter [4] as [TIMESTAMP] - [null]
2023-05-23 04:11:33.940 TRACE 89419 --- [    Test worker] o.h.type.descriptor.sql.BasicBinder      : binding parameter [5] as [INTEGER] - [1]
2023-05-23 04:11:33.940 TRACE 89419 --- [    Test worker] o.h.type.descriptor.sql.BasicBinder      : binding parameter [6] as [INTEGER] - [4]
2023-05-23 04:11:33.940 TRACE 89419 --- [    Test worker] o.h.type.descriptor.sql.BasicBinder      : binding parameter [7] as [TIMESTAMP] - [2023-03-24T04:11:33.802780]
2023-05-23 04:11:33.940 TRACE 89419 --- [    Test worker] o.h.type.descriptor.sql.BasicBinder      : binding parameter [8] as [VARCHAR] - [PROGRESS]
2023-05-23 04:11:33.940 TRACE 89419 --- [    Test worker] o.h.type.descriptor.sql.BasicBinder      : binding parameter [9] as [VARCHAR] - [A10000007]
Hibernate: 
    insert 
    into
        pass
        (created_at, modified_at, ended_at, expired_at, package_seq, remaining_count, started_at, status, user_id) 
    values
        (?, ?, ?, ?, ?, ?, ?, ?, ?)
2023-05-23 04:11:33.953 TRACE 89419 --- [    Test worker] o.h.type.descriptor.sql.BasicBinder      : binding parameter [1] as [TIMESTAMP] - [2023-05-23T04:11:33.949899]
2023-05-23 04:11:33.953 TRACE 89419 --- [    Test worker] o.h.type.descriptor.sql.BasicBinder      : binding parameter [2] as [TIMESTAMP] - [2023-05-23T04:11:33.949899]
2023-05-23 04:11:33.953 TRACE 89419 --- [    Test worker] o.h.type.descriptor.sql.BasicBinder      : binding parameter [3] as [TIMESTAMP] - [2023-05-22T04:11:33.802780]
2023-05-23 04:11:33.953 TRACE 89419 --- [    Test worker] o.h.type.descriptor.sql.BasicBinder      : binding parameter [4] as [TIMESTAMP] - [null]
2023-05-23 04:11:33.954 TRACE 89419 --- [    Test worker] o.h.type.descriptor.sql.BasicBinder      : binding parameter [5] as [INTEGER] - [1]
2023-05-23 04:11:33.954 TRACE 89419 --- [    Test worker] o.h.type.descriptor.sql.BasicBinder      : binding parameter [6] as [INTEGER] - [8]
2023-05-23 04:11:33.954 TRACE 89419 --- [    Test worker] o.h.type.descriptor.sql.BasicBinder      : binding parameter [7] as [TIMESTAMP] - [2023-03-24T04:11:33.802780]
2023-05-23 04:11:33.954 TRACE 89419 --- [    Test worker] o.h.type.descriptor.sql.BasicBinder      : binding parameter [8] as [VARCHAR] - [PROGRESS]
2023-05-23 04:11:33.955 TRACE 89419 --- [    Test worker] o.h.type.descriptor.sql.BasicBinder      : binding parameter [9] as [VARCHAR] - [A10000008]
Hibernate: 
    insert 
    into
        pass
        (created_at, modified_at, ended_at, expired_at, package_seq, remaining_count, started_at, status, user_id) 
    values
        (?, ?, ?, ?, ?, ?, ?, ?, ?)
2023-05-23 04:11:33.963 TRACE 89419 --- [    Test worker] o.h.type.descriptor.sql.BasicBinder      : binding parameter [1] as [TIMESTAMP] - [2023-05-23T04:11:33.962808]
2023-05-23 04:11:33.964 TRACE 89419 --- [    Test worker] o.h.type.descriptor.sql.BasicBinder      : binding parameter [2] as [TIMESTAMP] - [2023-05-23T04:11:33.962808]
2023-05-23 04:11:33.964 TRACE 89419 --- [    Test worker] o.h.type.descriptor.sql.BasicBinder      : binding parameter [3] as [TIMESTAMP] - [2023-05-22T04:11:33.802780]
2023-05-23 04:11:33.964 TRACE 89419 --- [    Test worker] o.h.type.descriptor.sql.BasicBinder      : binding parameter [4] as [TIMESTAMP] - [null]
2023-05-23 04:11:33.965 TRACE 89419 --- [    Test worker] o.h.type.descriptor.sql.BasicBinder      : binding parameter [5] as [INTEGER] - [1]
2023-05-23 04:11:33.965 TRACE 89419 --- [    Test worker] o.h.type.descriptor.sql.BasicBinder      : binding parameter [6] as [INTEGER] - [3]
2023-05-23 04:11:33.965 TRACE 89419 --- [    Test worker] o.h.type.descriptor.sql.BasicBinder      : binding parameter [7] as [TIMESTAMP] - [2023-03-24T04:11:33.802780]
2023-05-23 04:11:33.965 TRACE 89419 --- [    Test worker] o.h.type.descriptor.sql.BasicBinder      : binding parameter [8] as [VARCHAR] - [PROGRESS]
2023-05-23 04:11:33.965 TRACE 89419 --- [    Test worker] o.h.type.descriptor.sql.BasicBinder      : binding parameter [9] as [VARCHAR] - [A10000009]
2023-05-23 04:11:34.029  INFO 89419 --- [    Test worker] o.s.b.c.l.support.SimpleJobLauncher      : Job: [SimpleJob: [name=expirePassesJob]] launched with the following parameters: [{random=6567299333797721173}]
2023-05-23 04:11:34.060  INFO 89419 --- [    Test worker] o.s.batch.core.job.SimpleStepHandler     : Executing step: [expirePassesJob]
Hibernate: 
    select
        passentity0_.pass_seq as pass_seq1_2_,
        passentity0_.created_at as created_2_2_,
        passentity0_.modified_at as modified3_2_,
        passentity0_.ended_at as ended_at4_2_,
        passentity0_.expired_at as expired_5_2_,
        passentity0_.package_seq as package_6_2_,
        passentity0_.remaining_count as remainin7_2_,
        passentity0_.started_at as started_8_2_,
        passentity0_.status as status9_2_,
        passentity0_.user_id as user_id10_2_ 
    from
        pass passentity0_ 
    where
        passentity0_.status=? 
        and passentity0_.ended_at<=?
2023-05-23 04:11:34.148 TRACE 89419 --- [    Test worker] o.h.type.descriptor.sql.BasicBinder      : binding parameter [1] as [VARCHAR] - [PROGRESS]
2023-05-23 04:11:34.149 TRACE 89419 --- [    Test worker] o.h.type.descriptor.sql.BasicBinder      : binding parameter [2] as [TIMESTAMP] - [2023-05-23T04:11:34.074146]
2023-05-23 04:11:34.177 TRACE 89419 --- [    Test worker] o.h.type.descriptor.sql.BasicExtractor   : extracted value ([pass_seq1_2_] : [INTEGER]) - [11]
2023-05-23 04:11:34.180 TRACE 89419 --- [    Test worker] o.h.type.descriptor.sql.BasicExtractor   : extracted value ([created_2_2_] : [TIMESTAMP]) - [2023-05-23T04:11:34]
2023-05-23 04:11:34.181 TRACE 89419 --- [    Test worker] o.h.type.descriptor.sql.BasicExtractor   : extracted value ([modified3_2_] : [TIMESTAMP]) - [2023-05-23T04:11:34]
2023-05-23 04:11:34.181 TRACE 89419 --- [    Test worker] o.h.type.descriptor.sql.BasicExtractor   : extracted value ([ended_at4_2_] : [TIMESTAMP]) - [2023-05-22T04:11:34]
2023-05-23 04:11:34.181 TRACE 89419 --- [    Test worker] o.h.type.descriptor.sql.BasicExtractor   : extracted value ([expired_5_2_] : [TIMESTAMP]) - [null]
2023-05-23 04:11:34.182 TRACE 89419 --- [    Test worker] o.h.type.descriptor.sql.BasicExtractor   : extracted value ([package_6_2_] : [INTEGER]) - [1]
2023-05-23 04:11:34.182 TRACE 89419 --- [    Test worker] o.h.type.descriptor.sql.BasicExtractor   : extracted value ([remainin7_2_] : [INTEGER]) - [7]
2023-05-23 04:11:34.182 TRACE 89419 --- [    Test worker] o.h.type.descriptor.sql.BasicExtractor   : extracted value ([started_8_2_] : [TIMESTAMP]) - [2023-03-24T04:11:34]
2023-05-23 04:11:34.184 TRACE 89419 --- [    Test worker] o.h.type.descriptor.sql.BasicExtractor   : extracted value ([status9_2_] : [VARCHAR]) - [PROGRESS]
2023-05-23 04:11:34.185 TRACE 89419 --- [    Test worker] o.h.type.descriptor.sql.BasicExtractor   : extracted value ([user_id10_2_] : [VARCHAR]) - [A10000000]
2023-05-23 04:11:34.189 TRACE 89419 --- [    Test worker] o.h.type.descriptor.sql.BasicExtractor   : extracted value ([pass_seq1_2_] : [INTEGER]) - [12]
2023-05-23 04:11:34.190 TRACE 89419 --- [    Test worker] o.h.type.descriptor.sql.BasicExtractor   : extracted value ([created_2_2_] : [TIMESTAMP]) - [2023-05-23T04:11:34]
2023-05-23 04:11:34.190 TRACE 89419 --- [    Test worker] o.h.type.descriptor.sql.BasicExtractor   : extracted value ([modified3_2_] : [TIMESTAMP]) - [2023-05-23T04:11:34]
2023-05-23 04:11:34.190 TRACE 89419 --- [    Test worker] o.h.type.descriptor.sql.BasicExtractor   : extracted value ([ended_at4_2_] : [TIMESTAMP]) - [2023-05-22T04:11:34]
2023-05-23 04:11:34.191 TRACE 89419 --- [    Test worker] o.h.type.descriptor.sql.BasicExtractor   : extracted value ([expired_5_2_] : [TIMESTAMP]) - [null]
2023-05-23 04:11:34.191 TRACE 89419 --- [    Test worker] o.h.type.descriptor.sql.BasicExtractor   : extracted value ([package_6_2_] : [INTEGER]) - [1]
2023-05-23 04:11:34.192 TRACE 89419 --- [    Test worker] o.h.type.descriptor.sql.BasicExtractor   : extracted value ([remainin7_2_] : [INTEGER]) - [6]
2023-05-23 04:11:34.193 TRACE 89419 --- [    Test worker] o.h.type.descriptor.sql.BasicExtractor   : extracted value ([started_8_2_] : [TIMESTAMP]) - [2023-03-24T04:11:34]
2023-05-23 04:11:34.193 TRACE 89419 --- [    Test worker] o.h.type.descriptor.sql.BasicExtractor   : extracted value ([status9_2_] : [VARCHAR]) - [PROGRESS]
2023-05-23 04:11:34.193 TRACE 89419 --- [    Test worker] o.h.type.descriptor.sql.BasicExtractor   : extracted value ([user_id10_2_] : [VARCHAR]) - [A10000001]
2023-05-23 04:11:34.194 TRACE 89419 --- [    Test worker] o.h.type.descriptor.sql.BasicExtractor   : extracted value ([pass_seq1_2_] : [INTEGER]) - [13]
2023-05-23 04:11:34.194 TRACE 89419 --- [    Test worker] o.h.type.descriptor.sql.BasicExtractor   : extracted value ([created_2_2_] : [TIMESTAMP]) - [2023-05-23T04:11:34]
2023-05-23 04:11:34.194 TRACE 89419 --- [    Test worker] o.h.type.descriptor.sql.BasicExtractor   : extracted value ([modified3_2_] : [TIMESTAMP]) - [2023-05-23T04:11:34]
2023-05-23 04:11:34.194 TRACE 89419 --- [    Test worker] o.h.type.descriptor.sql.BasicExtractor   : extracted value ([ended_at4_2_] : [TIMESTAMP]) - [2023-05-22T04:11:34]
2023-05-23 04:11:34.194 TRACE 89419 --- [    Test worker] o.h.type.descriptor.sql.BasicExtractor   : extracted value ([expired_5_2_] : [TIMESTAMP]) - [null]
2023-05-23 04:11:34.194 TRACE 89419 --- [    Test worker] o.h.type.descriptor.sql.BasicExtractor   : extracted value ([package_6_2_] : [INTEGER]) - [1]
2023-05-23 04:11:34.194 TRACE 89419 --- [    Test worker] o.h.type.descriptor.sql.BasicExtractor   : extracted value ([remainin7_2_] : [INTEGER]) - [8]
2023-05-23 04:11:34.194 TRACE 89419 --- [    Test worker] o.h.type.descriptor.sql.BasicExtractor   : extracted value ([started_8_2_] : [TIMESTAMP]) - [2023-03-24T04:11:34]
2023-05-23 04:11:34.194 TRACE 89419 --- [    Test worker] o.h.type.descriptor.sql.BasicExtractor   : extracted value ([status9_2_] : [VARCHAR]) - [PROGRESS]
2023-05-23 04:11:34.194 TRACE 89419 --- [    Test worker] o.h.type.descriptor.sql.BasicExtractor   : extracted value ([user_id10_2_] : [VARCHAR]) - [A10000002]
2023-05-23 04:11:34.194 TRACE 89419 --- [    Test worker] o.h.type.descriptor.sql.BasicExtractor   : extracted value ([pass_seq1_2_] : [INTEGER]) - [14]
2023-05-23 04:11:34.194 TRACE 89419 --- [    Test worker] o.h.type.descriptor.sql.BasicExtractor   : extracted value ([created_2_2_] : [TIMESTAMP]) - [2023-05-23T04:11:34]
2023-05-23 04:11:34.194 TRACE 89419 --- [    Test worker] o.h.type.descriptor.sql.BasicExtractor   : extracted value ([modified3_2_] : [TIMESTAMP]) - [2023-05-23T04:11:34]
2023-05-23 04:11:34.195 TRACE 89419 --- [    Test worker] o.h.type.descriptor.sql.BasicExtractor   : extracted value ([ended_at4_2_] : [TIMESTAMP]) - [2023-05-22T04:11:34]
2023-05-23 04:11:34.195 TRACE 89419 --- [    Test worker] o.h.type.descriptor.sql.BasicExtractor   : extracted value ([expired_5_2_] : [TIMESTAMP]) - [null]
2023-05-23 04:11:34.195 TRACE 89419 --- [    Test worker] o.h.type.descriptor.sql.BasicExtractor   : extracted value ([package_6_2_] : [INTEGER]) - [1]
2023-05-23 04:11:34.196 TRACE 89419 --- [    Test worker] o.h.type.descriptor.sql.BasicExtractor   : extracted value ([remainin7_2_] : [INTEGER]) - [10]
2023-05-23 04:11:34.197 TRACE 89419 --- [    Test worker] o.h.type.descriptor.sql.BasicExtractor   : extracted value ([started_8_2_] : [TIMESTAMP]) - [2023-03-24T04:11:34]
2023-05-23 04:11:34.197 TRACE 89419 --- [    Test worker] o.h.type.descriptor.sql.BasicExtractor   : extracted value ([status9_2_] : [VARCHAR]) - [PROGRESS]
2023-05-23 04:11:34.197 TRACE 89419 --- [    Test worker] o.h.type.descriptor.sql.BasicExtractor   : extracted value ([user_id10_2_] : [VARCHAR]) - [A10000003]
2023-05-23 04:11:34.197 TRACE 89419 --- [    Test worker] o.h.type.descriptor.sql.BasicExtractor   : extracted value ([pass_seq1_2_] : [INTEGER]) - [15]
2023-05-23 04:11:34.197 TRACE 89419 --- [    Test worker] o.h.type.descriptor.sql.BasicExtractor   : extracted value ([created_2_2_] : [TIMESTAMP]) - [2023-05-23T04:11:34]
2023-05-23 04:11:34.197 TRACE 89419 --- [    Test worker] o.h.type.descriptor.sql.BasicExtractor   : extracted value ([modified3_2_] : [TIMESTAMP]) - [2023-05-23T04:11:34]
2023-05-23 04:11:34.198 TRACE 89419 --- [    Test worker] o.h.type.descriptor.sql.BasicExtractor   : extracted value ([ended_at4_2_] : [TIMESTAMP]) - [2023-05-22T04:11:34]
2023-05-23 04:11:34.198 TRACE 89419 --- [    Test worker] o.h.type.descriptor.sql.BasicExtractor   : extracted value ([expired_5_2_] : [TIMESTAMP]) - [null]
2023-05-23 04:11:34.198 TRACE 89419 --- [    Test worker] o.h.type.descriptor.sql.BasicExtractor   : extracted value ([package_6_2_] : [INTEGER]) - [1]
2023-05-23 04:11:34.198 TRACE 89419 --- [    Test worker] o.h.type.descriptor.sql.BasicExtractor   : extracted value ([remainin7_2_] : [INTEGER]) - [10]
2023-05-23 04:11:34.199 TRACE 89419 --- [    Test worker] o.h.type.descriptor.sql.BasicExtractor   : extracted value ([started_8_2_] : [TIMESTAMP]) - [2023-03-24T04:11:34]
2023-05-23 04:11:34.199 TRACE 89419 --- [    Test worker] o.h.type.descriptor.sql.BasicExtractor   : extracted value ([status9_2_] : [VARCHAR]) - [PROGRESS]
2023-05-23 04:11:34.199 TRACE 89419 --- [    Test worker] o.h.type.descriptor.sql.BasicExtractor   : extracted value ([user_id10_2_] : [VARCHAR]) - [A10000004]
Hibernate: 
    select
        passentity0_.pass_seq as pass_seq1_2_0_,
        passentity0_.created_at as created_2_2_0_,
        passentity0_.modified_at as modified3_2_0_,
        passentity0_.ended_at as ended_at4_2_0_,
        passentity0_.expired_at as expired_5_2_0_,
        passentity0_.package_seq as package_6_2_0_,
        passentity0_.remaining_count as remainin7_2_0_,
        passentity0_.started_at as started_8_2_0_,
        passentity0_.status as status9_2_0_,
        passentity0_.user_id as user_id10_2_0_ 
    from
        pass passentity0_ 
    where
        passentity0_.pass_seq=?
2023-05-23 04:11:34.211 TRACE 89419 --- [    Test worker] o.h.type.descriptor.sql.BasicBinder      : binding parameter [1] as [INTEGER] - [11]
2023-05-23 04:11:34.213 TRACE 89419 --- [    Test worker] o.h.type.descriptor.sql.BasicExtractor   : extracted value ([created_2_2_0_] : [TIMESTAMP]) - [2023-05-23T04:11:34]
2023-05-23 04:11:34.213 TRACE 89419 --- [    Test worker] o.h.type.descriptor.sql.BasicExtractor   : extracted value ([modified3_2_0_] : [TIMESTAMP]) - [2023-05-23T04:11:34]
2023-05-23 04:11:34.213 TRACE 89419 --- [    Test worker] o.h.type.descriptor.sql.BasicExtractor   : extracted value ([ended_at4_2_0_] : [TIMESTAMP]) - [2023-05-22T04:11:34]
2023-05-23 04:11:34.214 TRACE 89419 --- [    Test worker] o.h.type.descriptor.sql.BasicExtractor   : extracted value ([expired_5_2_0_] : [TIMESTAMP]) - [null]
2023-05-23 04:11:34.214 TRACE 89419 --- [    Test worker] o.h.type.descriptor.sql.BasicExtractor   : extracted value ([package_6_2_0_] : [INTEGER]) - [1]
2023-05-23 04:11:34.214 TRACE 89419 --- [    Test worker] o.h.type.descriptor.sql.BasicExtractor   : extracted value ([remainin7_2_0_] : [INTEGER]) - [7]
2023-05-23 04:11:34.214 TRACE 89419 --- [    Test worker] o.h.type.descriptor.sql.BasicExtractor   : extracted value ([started_8_2_0_] : [TIMESTAMP]) - [2023-03-24T04:11:34]
2023-05-23 04:11:34.214 TRACE 89419 --- [    Test worker] o.h.type.descriptor.sql.BasicExtractor   : extracted value ([status9_2_0_] : [VARCHAR]) - [PROGRESS]
2023-05-23 04:11:34.214 TRACE 89419 --- [    Test worker] o.h.type.descriptor.sql.BasicExtractor   : extracted value ([user_id10_2_0_] : [VARCHAR]) - [A10000000]
Hibernate: 
    select
        passentity0_.pass_seq as pass_seq1_2_0_,
        passentity0_.created_at as created_2_2_0_,
        passentity0_.modified_at as modified3_2_0_,
        passentity0_.ended_at as ended_at4_2_0_,
        passentity0_.expired_at as expired_5_2_0_,
        passentity0_.package_seq as package_6_2_0_,
        passentity0_.remaining_count as remainin7_2_0_,
        passentity0_.started_at as started_8_2_0_,
        passentity0_.status as status9_2_0_,
        passentity0_.user_id as user_id10_2_0_ 
    from
        pass passentity0_ 
    where
        passentity0_.pass_seq=?
2023-05-23 04:11:34.216 TRACE 89419 --- [    Test worker] o.h.type.descriptor.sql.BasicBinder      : binding parameter [1] as [INTEGER] - [12]
2023-05-23 04:11:34.219 TRACE 89419 --- [    Test worker] o.h.type.descriptor.sql.BasicExtractor   : extracted value ([created_2_2_0_] : [TIMESTAMP]) - [2023-05-23T04:11:34]
2023-05-23 04:11:34.219 TRACE 89419 --- [    Test worker] o.h.type.descriptor.sql.BasicExtractor   : extracted value ([modified3_2_0_] : [TIMESTAMP]) - [2023-05-23T04:11:34]
2023-05-23 04:11:34.219 TRACE 89419 --- [    Test worker] o.h.type.descriptor.sql.BasicExtractor   : extracted value ([ended_at4_2_0_] : [TIMESTAMP]) - [2023-05-22T04:11:34]
2023-05-23 04:11:34.219 TRACE 89419 --- [    Test worker] o.h.type.descriptor.sql.BasicExtractor   : extracted value ([expired_5_2_0_] : [TIMESTAMP]) - [null]
2023-05-23 04:11:34.219 TRACE 89419 --- [    Test worker] o.h.type.descriptor.sql.BasicExtractor   : extracted value ([package_6_2_0_] : [INTEGER]) - [1]
2023-05-23 04:11:34.220 TRACE 89419 --- [    Test worker] o.h.type.descriptor.sql.BasicExtractor   : extracted value ([remainin7_2_0_] : [INTEGER]) - [6]
2023-05-23 04:11:34.220 TRACE 89419 --- [    Test worker] o.h.type.descriptor.sql.BasicExtractor   : extracted value ([started_8_2_0_] : [TIMESTAMP]) - [2023-03-24T04:11:34]
2023-05-23 04:11:34.220 TRACE 89419 --- [    Test worker] o.h.type.descriptor.sql.BasicExtractor   : extracted value ([status9_2_0_] : [VARCHAR]) - [PROGRESS]
2023-05-23 04:11:34.220 TRACE 89419 --- [    Test worker] o.h.type.descriptor.sql.BasicExtractor   : extracted value ([user_id10_2_0_] : [VARCHAR]) - [A10000001]
Hibernate: 
    select
        passentity0_.pass_seq as pass_seq1_2_0_,
        passentity0_.created_at as created_2_2_0_,
        passentity0_.modified_at as modified3_2_0_,
        passentity0_.ended_at as ended_at4_2_0_,
        passentity0_.expired_at as expired_5_2_0_,
        passentity0_.package_seq as package_6_2_0_,
        passentity0_.remaining_count as remainin7_2_0_,
        passentity0_.started_at as started_8_2_0_,
        passentity0_.status as status9_2_0_,
        passentity0_.user_id as user_id10_2_0_ 
    from
        pass passentity0_ 
    where
        passentity0_.pass_seq=?
2023-05-23 04:11:34.221 TRACE 89419 --- [    Test worker] o.h.type.descriptor.sql.BasicBinder      : binding parameter [1] as [INTEGER] - [13]
2023-05-23 04:11:34.224 TRACE 89419 --- [    Test worker] o.h.type.descriptor.sql.BasicExtractor   : extracted value ([created_2_2_0_] : [TIMESTAMP]) - [2023-05-23T04:11:34]
2023-05-23 04:11:34.224 TRACE 89419 --- [    Test worker] o.h.type.descriptor.sql.BasicExtractor   : extracted value ([modified3_2_0_] : [TIMESTAMP]) - [2023-05-23T04:11:34]
2023-05-23 04:11:34.225 TRACE 89419 --- [    Test worker] o.h.type.descriptor.sql.BasicExtractor   : extracted value ([ended_at4_2_0_] : [TIMESTAMP]) - [2023-05-22T04:11:34]
2023-05-23 04:11:34.226 TRACE 89419 --- [    Test worker] o.h.type.descriptor.sql.BasicExtractor   : extracted value ([expired_5_2_0_] : [TIMESTAMP]) - [null]
2023-05-23 04:11:34.226 TRACE 89419 --- [    Test worker] o.h.type.descriptor.sql.BasicExtractor   : extracted value ([package_6_2_0_] : [INTEGER]) - [1]
2023-05-23 04:11:34.226 TRACE 89419 --- [    Test worker] o.h.type.descriptor.sql.BasicExtractor   : extracted value ([remainin7_2_0_] : [INTEGER]) - [8]
2023-05-23 04:11:34.226 TRACE 89419 --- [    Test worker] o.h.type.descriptor.sql.BasicExtractor   : extracted value ([started_8_2_0_] : [TIMESTAMP]) - [2023-03-24T04:11:34]
2023-05-23 04:11:34.226 TRACE 89419 --- [    Test worker] o.h.type.descriptor.sql.BasicExtractor   : extracted value ([status9_2_0_] : [VARCHAR]) - [PROGRESS]
2023-05-23 04:11:34.226 TRACE 89419 --- [    Test worker] o.h.type.descriptor.sql.BasicExtractor   : extracted value ([user_id10_2_0_] : [VARCHAR]) - [A10000002]
Hibernate: 
    select
        passentity0_.pass_seq as pass_seq1_2_0_,
        passentity0_.created_at as created_2_2_0_,
        passentity0_.modified_at as modified3_2_0_,
        passentity0_.ended_at as ended_at4_2_0_,
        passentity0_.expired_at as expired_5_2_0_,
        passentity0_.package_seq as package_6_2_0_,
        passentity0_.remaining_count as remainin7_2_0_,
        passentity0_.started_at as started_8_2_0_,
        passentity0_.status as status9_2_0_,
        passentity0_.user_id as user_id10_2_0_ 
    from
        pass passentity0_ 
    where
        passentity0_.pass_seq=?
2023-05-23 04:11:34.228 TRACE 89419 --- [    Test worker] o.h.type.descriptor.sql.BasicBinder      : binding parameter [1] as [INTEGER] - [14]
2023-05-23 04:11:34.230 TRACE 89419 --- [    Test worker] o.h.type.descriptor.sql.BasicExtractor   : extracted value ([created_2_2_0_] : [TIMESTAMP]) - [2023-05-23T04:11:34]
2023-05-23 04:11:34.230 TRACE 89419 --- [    Test worker] o.h.type.descriptor.sql.BasicExtractor   : extracted value ([modified3_2_0_] : [TIMESTAMP]) - [2023-05-23T04:11:34]
2023-05-23 04:11:34.230 TRACE 89419 --- [    Test worker] o.h.type.descriptor.sql.BasicExtractor   : extracted value ([ended_at4_2_0_] : [TIMESTAMP]) - [2023-05-22T04:11:34]
2023-05-23 04:11:34.230 TRACE 89419 --- [    Test worker] o.h.type.descriptor.sql.BasicExtractor   : extracted value ([expired_5_2_0_] : [TIMESTAMP]) - [null]
2023-05-23 04:11:34.230 TRACE 89419 --- [    Test worker] o.h.type.descriptor.sql.BasicExtractor   : extracted value ([package_6_2_0_] : [INTEGER]) - [1]
2023-05-23 04:11:34.230 TRACE 89419 --- [    Test worker] o.h.type.descriptor.sql.BasicExtractor   : extracted value ([remainin7_2_0_] : [INTEGER]) - [10]
2023-05-23 04:11:34.231 TRACE 89419 --- [    Test worker] o.h.type.descriptor.sql.BasicExtractor   : extracted value ([started_8_2_0_] : [TIMESTAMP]) - [2023-03-24T04:11:34]
2023-05-23 04:11:34.231 TRACE 89419 --- [    Test worker] o.h.type.descriptor.sql.BasicExtractor   : extracted value ([status9_2_0_] : [VARCHAR]) - [PROGRESS]
2023-05-23 04:11:34.231 TRACE 89419 --- [    Test worker] o.h.type.descriptor.sql.BasicExtractor   : extracted value ([user_id10_2_0_] : [VARCHAR]) - [A10000003]
Hibernate: 
    select
        passentity0_.pass_seq as pass_seq1_2_0_,
        passentity0_.created_at as created_2_2_0_,
        passentity0_.modified_at as modified3_2_0_,
        passentity0_.ended_at as ended_at4_2_0_,
        passentity0_.expired_at as expired_5_2_0_,
        passentity0_.package_seq as package_6_2_0_,
        passentity0_.remaining_count as remainin7_2_0_,
        passentity0_.started_at as started_8_2_0_,
        passentity0_.status as status9_2_0_,
        passentity0_.user_id as user_id10_2_0_ 
    from
        pass passentity0_ 
    where
        passentity0_.pass_seq=?
2023-05-23 04:11:34.231 TRACE 89419 --- [    Test worker] o.h.type.descriptor.sql.BasicBinder      : binding parameter [1] as [INTEGER] - [15]
2023-05-23 04:11:34.235 TRACE 89419 --- [    Test worker] o.h.type.descriptor.sql.BasicExtractor   : extracted value ([created_2_2_0_] : [TIMESTAMP]) - [2023-05-23T04:11:34]
2023-05-23 04:11:34.236 TRACE 89419 --- [    Test worker] o.h.type.descriptor.sql.BasicExtractor   : extracted value ([modified3_2_0_] : [TIMESTAMP]) - [2023-05-23T04:11:34]
2023-05-23 04:11:34.237 TRACE 89419 --- [    Test worker] o.h.type.descriptor.sql.BasicExtractor   : extracted value ([ended_at4_2_0_] : [TIMESTAMP]) - [2023-05-22T04:11:34]
2023-05-23 04:11:34.237 TRACE 89419 --- [    Test worker] o.h.type.descriptor.sql.BasicExtractor   : extracted value ([expired_5_2_0_] : [TIMESTAMP]) - [null]
2023-05-23 04:11:34.237 TRACE 89419 --- [    Test worker] o.h.type.descriptor.sql.BasicExtractor   : extracted value ([package_6_2_0_] : [INTEGER]) - [1]
2023-05-23 04:11:34.237 TRACE 89419 --- [    Test worker] o.h.type.descriptor.sql.BasicExtractor   : extracted value ([remainin7_2_0_] : [INTEGER]) - [10]
2023-05-23 04:11:34.237 TRACE 89419 --- [    Test worker] o.h.type.descriptor.sql.BasicExtractor   : extracted value ([started_8_2_0_] : [TIMESTAMP]) - [2023-03-24T04:11:34]
2023-05-23 04:11:34.237 TRACE 89419 --- [    Test worker] o.h.type.descriptor.sql.BasicExtractor   : extracted value ([status9_2_0_] : [VARCHAR]) - [PROGRESS]
2023-05-23 04:11:34.237 TRACE 89419 --- [    Test worker] o.h.type.descriptor.sql.BasicExtractor   : extracted value ([user_id10_2_0_] : [VARCHAR]) - [A10000004]
Hibernate: 
    update
        pass 
    set
        modified_at=?,
        ended_at=?,
        expired_at=?,
        package_seq=?,
        remaining_count=?,
        started_at=?,
        status=?,
        user_id=? 
    where
        pass_seq=?
2023-05-23 04:11:34.247 TRACE 89419 --- [    Test worker] o.h.type.descriptor.sql.BasicBinder      : binding parameter [1] as [TIMESTAMP] - [2023-05-23T04:11:34.238523]
2023-05-23 04:11:34.247 TRACE 89419 --- [    Test worker] o.h.type.descriptor.sql.BasicBinder      : binding parameter [2] as [TIMESTAMP] - [2023-05-22T04:11:34]
2023-05-23 04:11:34.247 TRACE 89419 --- [    Test worker] o.h.type.descriptor.sql.BasicBinder      : binding parameter [3] as [TIMESTAMP] - [2023-05-23T04:11:34.200242]
2023-05-23 04:11:34.248 TRACE 89419 --- [    Test worker] o.h.type.descriptor.sql.BasicBinder      : binding parameter [4] as [INTEGER] - [1]
2023-05-23 04:11:34.248 TRACE 89419 --- [    Test worker] o.h.type.descriptor.sql.BasicBinder      : binding parameter [5] as [INTEGER] - [7]
2023-05-23 04:11:34.248 TRACE 89419 --- [    Test worker] o.h.type.descriptor.sql.BasicBinder      : binding parameter [6] as [TIMESTAMP] - [2023-03-24T04:11:34]
2023-05-23 04:11:34.248 TRACE 89419 --- [    Test worker] o.h.type.descriptor.sql.BasicBinder      : binding parameter [7] as [VARCHAR] - [EXPIRED]
2023-05-23 04:11:34.248 TRACE 89419 --- [    Test worker] o.h.type.descriptor.sql.BasicBinder      : binding parameter [8] as [VARCHAR] - [A10000000]
2023-05-23 04:11:34.248 TRACE 89419 --- [    Test worker] o.h.type.descriptor.sql.BasicBinder      : binding parameter [9] as [INTEGER] - [11]
Hibernate: 
    update
        pass 
    set
        modified_at=?,
        ended_at=?,
        expired_at=?,
        package_seq=?,
        remaining_count=?,
        started_at=?,
        status=?,
        user_id=? 
    where
        pass_seq=?
2023-05-23 04:11:34.253 TRACE 89419 --- [    Test worker] o.h.type.descriptor.sql.BasicBinder      : binding parameter [1] as [TIMESTAMP] - [2023-05-23T04:11:34.239551]
2023-05-23 04:11:34.253 TRACE 89419 --- [    Test worker] o.h.type.descriptor.sql.BasicBinder      : binding parameter [2] as [TIMESTAMP] - [2023-05-22T04:11:34]
2023-05-23 04:11:34.253 TRACE 89419 --- [    Test worker] o.h.type.descriptor.sql.BasicBinder      : binding parameter [3] as [TIMESTAMP] - [2023-05-23T04:11:34.200434]
2023-05-23 04:11:34.253 TRACE 89419 --- [    Test worker] o.h.type.descriptor.sql.BasicBinder      : binding parameter [4] as [INTEGER] - [1]
2023-05-23 04:11:34.254 TRACE 89419 --- [    Test worker] o.h.type.descriptor.sql.BasicBinder      : binding parameter [5] as [INTEGER] - [6]
2023-05-23 04:11:34.254 TRACE 89419 --- [    Test worker] o.h.type.descriptor.sql.BasicBinder      : binding parameter [6] as [TIMESTAMP] - [2023-03-24T04:11:34]
2023-05-23 04:11:34.254 TRACE 89419 --- [    Test worker] o.h.type.descriptor.sql.BasicBinder      : binding parameter [7] as [VARCHAR] - [EXPIRED]
2023-05-23 04:11:34.254 TRACE 89419 --- [    Test worker] o.h.type.descriptor.sql.BasicBinder      : binding parameter [8] as [VARCHAR] - [A10000001]
2023-05-23 04:11:34.254 TRACE 89419 --- [    Test worker] o.h.type.descriptor.sql.BasicBinder      : binding parameter [9] as [INTEGER] - [12]
Hibernate: 
    update
        pass 
    set
        modified_at=?,
        ended_at=?,
        expired_at=?,
        package_seq=?,
        remaining_count=?,
        started_at=?,
        status=?,
        user_id=? 
    where
        pass_seq=?
2023-05-23 04:11:34.257 TRACE 89419 --- [    Test worker] o.h.type.descriptor.sql.BasicBinder      : binding parameter [1] as [TIMESTAMP] - [2023-05-23T04:11:34.239677]
2023-05-23 04:11:34.257 TRACE 89419 --- [    Test worker] o.h.type.descriptor.sql.BasicBinder      : binding parameter [2] as [TIMESTAMP] - [2023-05-22T04:11:34]
2023-05-23 04:11:34.258 TRACE 89419 --- [    Test worker] o.h.type.descriptor.sql.BasicBinder      : binding parameter [3] as [TIMESTAMP] - [2023-05-23T04:11:34.200462]
2023-05-23 04:11:34.258 TRACE 89419 --- [    Test worker] o.h.type.descriptor.sql.BasicBinder      : binding parameter [4] as [INTEGER] - [1]
2023-05-23 04:11:34.258 TRACE 89419 --- [    Test worker] o.h.type.descriptor.sql.BasicBinder      : binding parameter [5] as [INTEGER] - [8]
2023-05-23 04:11:34.258 TRACE 89419 --- [    Test worker] o.h.type.descriptor.sql.BasicBinder      : binding parameter [6] as [TIMESTAMP] - [2023-03-24T04:11:34]
2023-05-23 04:11:34.258 TRACE 89419 --- [    Test worker] o.h.type.descriptor.sql.BasicBinder      : binding parameter [7] as [VARCHAR] - [EXPIRED]
2023-05-23 04:11:34.258 TRACE 89419 --- [    Test worker] o.h.type.descriptor.sql.BasicBinder      : binding parameter [8] as [VARCHAR] - [A10000002]
2023-05-23 04:11:34.258 TRACE 89419 --- [    Test worker] o.h.type.descriptor.sql.BasicBinder      : binding parameter [9] as [INTEGER] - [13]
Hibernate: 
    update
        pass 
    set
        modified_at=?,
        ended_at=?,
        expired_at=?,
        package_seq=?,
        remaining_count=?,
        started_at=?,
        status=?,
        user_id=? 
    where
        pass_seq=?
2023-05-23 04:11:34.262 TRACE 89419 --- [    Test worker] o.h.type.descriptor.sql.BasicBinder      : binding parameter [1] as [TIMESTAMP] - [2023-05-23T04:11:34.239776]
2023-05-23 04:11:34.263 TRACE 89419 --- [    Test worker] o.h.type.descriptor.sql.BasicBinder      : binding parameter [2] as [TIMESTAMP] - [2023-05-22T04:11:34]
2023-05-23 04:11:34.264 TRACE 89419 --- [    Test worker] o.h.type.descriptor.sql.BasicBinder      : binding parameter [3] as [TIMESTAMP] - [2023-05-23T04:11:34.200480]
2023-05-23 04:11:34.264 TRACE 89419 --- [    Test worker] o.h.type.descriptor.sql.BasicBinder      : binding parameter [4] as [INTEGER] - [1]
2023-05-23 04:11:34.264 TRACE 89419 --- [    Test worker] o.h.type.descriptor.sql.BasicBinder      : binding parameter [5] as [INTEGER] - [10]
2023-05-23 04:11:34.264 TRACE 89419 --- [    Test worker] o.h.type.descriptor.sql.BasicBinder      : binding parameter [6] as [TIMESTAMP] - [2023-03-24T04:11:34]
2023-05-23 04:11:34.264 TRACE 89419 --- [    Test worker] o.h.type.descriptor.sql.BasicBinder      : binding parameter [7] as [VARCHAR] - [EXPIRED]
2023-05-23 04:11:34.265 TRACE 89419 --- [    Test worker] o.h.type.descriptor.sql.BasicBinder      : binding parameter [8] as [VARCHAR] - [A10000003]
2023-05-23 04:11:34.265 TRACE 89419 --- [    Test worker] o.h.type.descriptor.sql.BasicBinder      : binding parameter [9] as [INTEGER] - [14]
Hibernate: 
    update
        pass 
    set
        modified_at=?,
        ended_at=?,
        expired_at=?,
        package_seq=?,
        remaining_count=?,
        started_at=?,
        status=?,
        user_id=? 
    where
        pass_seq=?
2023-05-23 04:11:34.271 TRACE 89419 --- [    Test worker] o.h.type.descriptor.sql.BasicBinder      : binding parameter [1] as [TIMESTAMP] - [2023-05-23T04:11:34.239867]
2023-05-23 04:11:34.274 TRACE 89419 --- [    Test worker] o.h.type.descriptor.sql.BasicBinder      : binding parameter [2] as [TIMESTAMP] - [2023-05-22T04:11:34]
2023-05-23 04:11:34.275 TRACE 89419 --- [    Test worker] o.h.type.descriptor.sql.BasicBinder      : binding parameter [3] as [TIMESTAMP] - [2023-05-23T04:11:34.200513]
2023-05-23 04:11:34.276 TRACE 89419 --- [    Test worker] o.h.type.descriptor.sql.BasicBinder      : binding parameter [4] as [INTEGER] - [1]
2023-05-23 04:11:34.276 TRACE 89419 --- [    Test worker] o.h.type.descriptor.sql.BasicBinder      : binding parameter [5] as [INTEGER] - [10]
2023-05-23 04:11:34.276 TRACE 89419 --- [    Test worker] o.h.type.descriptor.sql.BasicBinder      : binding parameter [6] as [TIMESTAMP] - [2023-03-24T04:11:34]
2023-05-23 04:11:34.276 TRACE 89419 --- [    Test worker] o.h.type.descriptor.sql.BasicBinder      : binding parameter [7] as [VARCHAR] - [EXPIRED]
2023-05-23 04:11:34.276 TRACE 89419 --- [    Test worker] o.h.type.descriptor.sql.BasicBinder      : binding parameter [8] as [VARCHAR] - [A10000004]
2023-05-23 04:11:34.276 TRACE 89419 --- [    Test worker] o.h.type.descriptor.sql.BasicBinder      : binding parameter [9] as [INTEGER] - [15]
2023-05-23 04:11:34.295 TRACE 89419 --- [    Test worker] o.h.type.descriptor.sql.BasicExtractor   : extracted value ([pass_seq1_2_] : [INTEGER]) - [16]
2023-05-23 04:11:34.296 TRACE 89419 --- [    Test worker] o.h.type.descriptor.sql.BasicExtractor   : extracted value ([created_2_2_] : [TIMESTAMP]) - [2023-05-23T04:11:34]
2023-05-23 04:11:34.296 TRACE 89419 --- [    Test worker] o.h.type.descriptor.sql.BasicExtractor   : extracted value ([modified3_2_] : [TIMESTAMP]) - [2023-05-23T04:11:34]
2023-05-23 04:11:34.296 TRACE 89419 --- [    Test worker] o.h.type.descriptor.sql.BasicExtractor   : extracted value ([ended_at4_2_] : [TIMESTAMP]) - [2023-05-22T04:11:34]
2023-05-23 04:11:34.296 TRACE 89419 --- [    Test worker] o.h.type.descriptor.sql.BasicExtractor   : extracted value ([expired_5_2_] : [TIMESTAMP]) - [null]
2023-05-23 04:11:34.296 TRACE 89419 --- [    Test worker] o.h.type.descriptor.sql.BasicExtractor   : extracted value ([package_6_2_] : [INTEGER]) - [1]
2023-05-23 04:11:34.296 TRACE 89419 --- [    Test worker] o.h.type.descriptor.sql.BasicExtractor   : extracted value ([remainin7_2_] : [INTEGER]) - [0]
2023-05-23 04:11:34.297 TRACE 89419 --- [    Test worker] o.h.type.descriptor.sql.BasicExtractor   : extracted value ([started_8_2_] : [TIMESTAMP]) - [2023-03-24T04:11:34]
2023-05-23 04:11:34.297 TRACE 89419 --- [    Test worker] o.h.type.descriptor.sql.BasicExtractor   : extracted value ([status9_2_] : [VARCHAR]) - [PROGRESS]
2023-05-23 04:11:34.297 TRACE 89419 --- [    Test worker] o.h.type.descriptor.sql.BasicExtractor   : extracted value ([user_id10_2_] : [VARCHAR]) - [A10000005]
2023-05-23 04:11:34.297 TRACE 89419 --- [    Test worker] o.h.type.descriptor.sql.BasicExtractor   : extracted value ([pass_seq1_2_] : [INTEGER]) - [17]
2023-05-23 04:11:34.297 TRACE 89419 --- [    Test worker] o.h.type.descriptor.sql.BasicExtractor   : extracted value ([created_2_2_] : [TIMESTAMP]) - [2023-05-23T04:11:34]
2023-05-23 04:11:34.297 TRACE 89419 --- [    Test worker] o.h.type.descriptor.sql.BasicExtractor   : extracted value ([modified3_2_] : [TIMESTAMP]) - [2023-05-23T04:11:34]
2023-05-23 04:11:34.297 TRACE 89419 --- [    Test worker] o.h.type.descriptor.sql.BasicExtractor   : extracted value ([ended_at4_2_] : [TIMESTAMP]) - [2023-05-22T04:11:34]
2023-05-23 04:11:34.297 TRACE 89419 --- [    Test worker] o.h.type.descriptor.sql.BasicExtractor   : extracted value ([expired_5_2_] : [TIMESTAMP]) - [null]
2023-05-23 04:11:34.297 TRACE 89419 --- [    Test worker] o.h.type.descriptor.sql.BasicExtractor   : extracted value ([package_6_2_] : [INTEGER]) - [1]
2023-05-23 04:11:34.298 TRACE 89419 --- [    Test worker] o.h.type.descriptor.sql.BasicExtractor   : extracted value ([remainin7_2_] : [INTEGER]) - [4]
2023-05-23 04:11:34.298 TRACE 89419 --- [    Test worker] o.h.type.descriptor.sql.BasicExtractor   : extracted value ([started_8_2_] : [TIMESTAMP]) - [2023-03-24T04:11:34]
2023-05-23 04:11:34.299 TRACE 89419 --- [    Test worker] o.h.type.descriptor.sql.BasicExtractor   : extracted value ([status9_2_] : [VARCHAR]) - [PROGRESS]
2023-05-23 04:11:34.299 TRACE 89419 --- [    Test worker] o.h.type.descriptor.sql.BasicExtractor   : extracted value ([user_id10_2_] : [VARCHAR]) - [A10000006]
2023-05-23 04:11:34.299 TRACE 89419 --- [    Test worker] o.h.type.descriptor.sql.BasicExtractor   : extracted value ([pass_seq1_2_] : [INTEGER]) - [18]
2023-05-23 04:11:34.300 TRACE 89419 --- [    Test worker] o.h.type.descriptor.sql.BasicExtractor   : extracted value ([created_2_2_] : [TIMESTAMP]) - [2023-05-23T04:11:34]
2023-05-23 04:11:34.300 TRACE 89419 --- [    Test worker] o.h.type.descriptor.sql.BasicExtractor   : extracted value ([modified3_2_] : [TIMESTAMP]) - [2023-05-23T04:11:34]
2023-05-23 04:11:34.301 TRACE 89419 --- [    Test worker] o.h.type.descriptor.sql.BasicExtractor   : extracted value ([ended_at4_2_] : [TIMESTAMP]) - [2023-05-22T04:11:34]
2023-05-23 04:11:34.301 TRACE 89419 --- [    Test worker] o.h.type.descriptor.sql.BasicExtractor   : extracted value ([expired_5_2_] : [TIMESTAMP]) - [null]
2023-05-23 04:11:34.301 TRACE 89419 --- [    Test worker] o.h.type.descriptor.sql.BasicExtractor   : extracted value ([package_6_2_] : [INTEGER]) - [1]
2023-05-23 04:11:34.301 TRACE 89419 --- [    Test worker] o.h.type.descriptor.sql.BasicExtractor   : extracted value ([remainin7_2_] : [INTEGER]) - [4]
2023-05-23 04:11:34.301 TRACE 89419 --- [    Test worker] o.h.type.descriptor.sql.BasicExtractor   : extracted value ([started_8_2_] : [TIMESTAMP]) - [2023-03-24T04:11:34]
2023-05-23 04:11:34.301 TRACE 89419 --- [    Test worker] o.h.type.descriptor.sql.BasicExtractor   : extracted value ([status9_2_] : [VARCHAR]) - [PROGRESS]
2023-05-23 04:11:34.301 TRACE 89419 --- [    Test worker] o.h.type.descriptor.sql.BasicExtractor   : extracted value ([user_id10_2_] : [VARCHAR]) - [A10000007]
2023-05-23 04:11:34.301 TRACE 89419 --- [    Test worker] o.h.type.descriptor.sql.BasicExtractor   : extracted value ([pass_seq1_2_] : [INTEGER]) - [19]
2023-05-23 04:11:34.302 TRACE 89419 --- [    Test worker] o.h.type.descriptor.sql.BasicExtractor   : extracted value ([created_2_2_] : [TIMESTAMP]) - [2023-05-23T04:11:34]
2023-05-23 04:11:34.302 TRACE 89419 --- [    Test worker] o.h.type.descriptor.sql.BasicExtractor   : extracted value ([modified3_2_] : [TIMESTAMP]) - [2023-05-23T04:11:34]
2023-05-23 04:11:34.302 TRACE 89419 --- [    Test worker] o.h.type.descriptor.sql.BasicExtractor   : extracted value ([ended_at4_2_] : [TIMESTAMP]) - [2023-05-22T04:11:34]
2023-05-23 04:11:34.302 TRACE 89419 --- [    Test worker] o.h.type.descriptor.sql.BasicExtractor   : extracted value ([expired_5_2_] : [TIMESTAMP]) - [null]
2023-05-23 04:11:34.302 TRACE 89419 --- [    Test worker] o.h.type.descriptor.sql.BasicExtractor   : extracted value ([package_6_2_] : [INTEGER]) - [1]
2023-05-23 04:11:34.302 TRACE 89419 --- [    Test worker] o.h.type.descriptor.sql.BasicExtractor   : extracted value ([remainin7_2_] : [INTEGER]) - [8]
2023-05-23 04:11:34.302 TRACE 89419 --- [    Test worker] o.h.type.descriptor.sql.BasicExtractor   : extracted value ([started_8_2_] : [TIMESTAMP]) - [2023-03-24T04:11:34]
2023-05-23 04:11:34.302 TRACE 89419 --- [    Test worker] o.h.type.descriptor.sql.BasicExtractor   : extracted value ([status9_2_] : [VARCHAR]) - [PROGRESS]
2023-05-23 04:11:34.302 TRACE 89419 --- [    Test worker] o.h.type.descriptor.sql.BasicExtractor   : extracted value ([user_id10_2_] : [VARCHAR]) - [A10000008]
2023-05-23 04:11:34.302 TRACE 89419 --- [    Test worker] o.h.type.descriptor.sql.BasicExtractor   : extracted value ([pass_seq1_2_] : [INTEGER]) - [20]
2023-05-23 04:11:34.302 TRACE 89419 --- [    Test worker] o.h.type.descriptor.sql.BasicExtractor   : extracted value ([created_2_2_] : [TIMESTAMP]) - [2023-05-23T04:11:34]
2023-05-23 04:11:34.303 TRACE 89419 --- [    Test worker] o.h.type.descriptor.sql.BasicExtractor   : extracted value ([modified3_2_] : [TIMESTAMP]) - [2023-05-23T04:11:34]
2023-05-23 04:11:34.303 TRACE 89419 --- [    Test worker] o.h.type.descriptor.sql.BasicExtractor   : extracted value ([ended_at4_2_] : [TIMESTAMP]) - [2023-05-22T04:11:34]
2023-05-23 04:11:34.303 TRACE 89419 --- [    Test worker] o.h.type.descriptor.sql.BasicExtractor   : extracted value ([expired_5_2_] : [TIMESTAMP]) - [null]
2023-05-23 04:11:34.303 TRACE 89419 --- [    Test worker] o.h.type.descriptor.sql.BasicExtractor   : extracted value ([package_6_2_] : [INTEGER]) - [1]
2023-05-23 04:11:34.304 TRACE 89419 --- [    Test worker] o.h.type.descriptor.sql.BasicExtractor   : extracted value ([remainin7_2_] : [INTEGER]) - [3]
2023-05-23 04:11:34.305 TRACE 89419 --- [    Test worker] o.h.type.descriptor.sql.BasicExtractor   : extracted value ([started_8_2_] : [TIMESTAMP]) - [2023-03-24T04:11:34]
2023-05-23 04:11:34.305 TRACE 89419 --- [    Test worker] o.h.type.descriptor.sql.BasicExtractor   : extracted value ([status9_2_] : [VARCHAR]) - [PROGRESS]
2023-05-23 04:11:34.305 TRACE 89419 --- [    Test worker] o.h.type.descriptor.sql.BasicExtractor   : extracted value ([user_id10_2_] : [VARCHAR]) - [A10000009]
Hibernate: 
    select
        passentity0_.pass_seq as pass_seq1_2_0_,
        passentity0_.created_at as created_2_2_0_,
        passentity0_.modified_at as modified3_2_0_,
        passentity0_.ended_at as ended_at4_2_0_,
        passentity0_.expired_at as expired_5_2_0_,
        passentity0_.package_seq as package_6_2_0_,
        passentity0_.remaining_count as remainin7_2_0_,
        passentity0_.started_at as started_8_2_0_,
        passentity0_.status as status9_2_0_,
        passentity0_.user_id as user_id10_2_0_ 
    from
        pass passentity0_ 
    where
        passentity0_.pass_seq=?
2023-05-23 04:11:34.307 TRACE 89419 --- [    Test worker] o.h.type.descriptor.sql.BasicBinder      : binding parameter [1] as [INTEGER] - [16]
2023-05-23 04:11:34.310 TRACE 89419 --- [    Test worker] o.h.type.descriptor.sql.BasicExtractor   : extracted value ([created_2_2_0_] : [TIMESTAMP]) - [2023-05-23T04:11:34]
2023-05-23 04:11:34.310 TRACE 89419 --- [    Test worker] o.h.type.descriptor.sql.BasicExtractor   : extracted value ([modified3_2_0_] : [TIMESTAMP]) - [2023-05-23T04:11:34]
2023-05-23 04:11:34.311 TRACE 89419 --- [    Test worker] o.h.type.descriptor.sql.BasicExtractor   : extracted value ([ended_at4_2_0_] : [TIMESTAMP]) - [2023-05-22T04:11:34]
2023-05-23 04:11:34.311 TRACE 89419 --- [    Test worker] o.h.type.descriptor.sql.BasicExtractor   : extracted value ([expired_5_2_0_] : [TIMESTAMP]) - [null]
2023-05-23 04:11:34.311 TRACE 89419 --- [    Test worker] o.h.type.descriptor.sql.BasicExtractor   : extracted value ([package_6_2_0_] : [INTEGER]) - [1]
2023-05-23 04:11:34.311 TRACE 89419 --- [    Test worker] o.h.type.descriptor.sql.BasicExtractor   : extracted value ([remainin7_2_0_] : [INTEGER]) - [0]
2023-05-23 04:11:34.312 TRACE 89419 --- [    Test worker] o.h.type.descriptor.sql.BasicExtractor   : extracted value ([started_8_2_0_] : [TIMESTAMP]) - [2023-03-24T04:11:34]
2023-05-23 04:11:34.312 TRACE 89419 --- [    Test worker] o.h.type.descriptor.sql.BasicExtractor   : extracted value ([status9_2_0_] : [VARCHAR]) - [PROGRESS]
2023-05-23 04:11:34.312 TRACE 89419 --- [    Test worker] o.h.type.descriptor.sql.BasicExtractor   : extracted value ([user_id10_2_0_] : [VARCHAR]) - [A10000005]
Hibernate: 
    select
        passentity0_.pass_seq as pass_seq1_2_0_,
        passentity0_.created_at as created_2_2_0_,
        passentity0_.modified_at as modified3_2_0_,
        passentity0_.ended_at as ended_at4_2_0_,
        passentity0_.expired_at as expired_5_2_0_,
        passentity0_.package_seq as package_6_2_0_,
        passentity0_.remaining_count as remainin7_2_0_,
        passentity0_.started_at as started_8_2_0_,
        passentity0_.status as status9_2_0_,
        passentity0_.user_id as user_id10_2_0_ 
    from
        pass passentity0_ 
    where
        passentity0_.pass_seq=?
2023-05-23 04:11:34.314 TRACE 89419 --- [    Test worker] o.h.type.descriptor.sql.BasicBinder      : binding parameter [1] as [INTEGER] - [17]
2023-05-23 04:11:34.316 TRACE 89419 --- [    Test worker] o.h.type.descriptor.sql.BasicExtractor   : extracted value ([created_2_2_0_] : [TIMESTAMP]) - [2023-05-23T04:11:34]
2023-05-23 04:11:34.316 TRACE 89419 --- [    Test worker] o.h.type.descriptor.sql.BasicExtractor   : extracted value ([modified3_2_0_] : [TIMESTAMP]) - [2023-05-23T04:11:34]
2023-05-23 04:11:34.317 TRACE 89419 --- [    Test worker] o.h.type.descriptor.sql.BasicExtractor   : extracted value ([ended_at4_2_0_] : [TIMESTAMP]) - [2023-05-22T04:11:34]
2023-05-23 04:11:34.317 TRACE 89419 --- [    Test worker] o.h.type.descriptor.sql.BasicExtractor   : extracted value ([expired_5_2_0_] : [TIMESTAMP]) - [null]
2023-05-23 04:11:34.317 TRACE 89419 --- [    Test worker] o.h.type.descriptor.sql.BasicExtractor   : extracted value ([package_6_2_0_] : [INTEGER]) - [1]
2023-05-23 04:11:34.317 TRACE 89419 --- [    Test worker] o.h.type.descriptor.sql.BasicExtractor   : extracted value ([remainin7_2_0_] : [INTEGER]) - [4]
2023-05-23 04:11:34.317 TRACE 89419 --- [    Test worker] o.h.type.descriptor.sql.BasicExtractor   : extracted value ([started_8_2_0_] : [TIMESTAMP]) - [2023-03-24T04:11:34]
2023-05-23 04:11:34.317 TRACE 89419 --- [    Test worker] o.h.type.descriptor.sql.BasicExtractor   : extracted value ([status9_2_0_] : [VARCHAR]) - [PROGRESS]
2023-05-23 04:11:34.317 TRACE 89419 --- [    Test worker] o.h.type.descriptor.sql.BasicExtractor   : extracted value ([user_id10_2_0_] : [VARCHAR]) - [A10000006]
Hibernate: 
    select
        passentity0_.pass_seq as pass_seq1_2_0_,
        passentity0_.created_at as created_2_2_0_,
        passentity0_.modified_at as modified3_2_0_,
        passentity0_.ended_at as ended_at4_2_0_,
        passentity0_.expired_at as expired_5_2_0_,
        passentity0_.package_seq as package_6_2_0_,
        passentity0_.remaining_count as remainin7_2_0_,
        passentity0_.started_at as started_8_2_0_,
        passentity0_.status as status9_2_0_,
        passentity0_.user_id as user_id10_2_0_ 
    from
        pass passentity0_ 
    where
        passentity0_.pass_seq=?
2023-05-23 04:11:34.319 TRACE 89419 --- [    Test worker] o.h.type.descriptor.sql.BasicBinder      : binding parameter [1] as [INTEGER] - [18]
2023-05-23 04:11:34.322 TRACE 89419 --- [    Test worker] o.h.type.descriptor.sql.BasicExtractor   : extracted value ([created_2_2_0_] : [TIMESTAMP]) - [2023-05-23T04:11:34]
2023-05-23 04:11:34.324 TRACE 89419 --- [    Test worker] o.h.type.descriptor.sql.BasicExtractor   : extracted value ([modified3_2_0_] : [TIMESTAMP]) - [2023-05-23T04:11:34]
2023-05-23 04:11:34.325 TRACE 89419 --- [    Test worker] o.h.type.descriptor.sql.BasicExtractor   : extracted value ([ended_at4_2_0_] : [TIMESTAMP]) - [2023-05-22T04:11:34]
2023-05-23 04:11:34.327 TRACE 89419 --- [    Test worker] o.h.type.descriptor.sql.BasicExtractor   : extracted value ([expired_5_2_0_] : [TIMESTAMP]) - [null]
2023-05-23 04:11:34.328 TRACE 89419 --- [    Test worker] o.h.type.descriptor.sql.BasicExtractor   : extracted value ([package_6_2_0_] : [INTEGER]) - [1]
2023-05-23 04:11:34.328 TRACE 89419 --- [    Test worker] o.h.type.descriptor.sql.BasicExtractor   : extracted value ([remainin7_2_0_] : [INTEGER]) - [4]
2023-05-23 04:11:34.328 TRACE 89419 --- [    Test worker] o.h.type.descriptor.sql.BasicExtractor   : extracted value ([started_8_2_0_] : [TIMESTAMP]) - [2023-03-24T04:11:34]
2023-05-23 04:11:34.329 TRACE 89419 --- [    Test worker] o.h.type.descriptor.sql.BasicExtractor   : extracted value ([status9_2_0_] : [VARCHAR]) - [PROGRESS]
2023-05-23 04:11:34.330 TRACE 89419 --- [    Test worker] o.h.type.descriptor.sql.BasicExtractor   : extracted value ([user_id10_2_0_] : [VARCHAR]) - [A10000007]
Hibernate: 
    select
        passentity0_.pass_seq as pass_seq1_2_0_,
        passentity0_.created_at as created_2_2_0_,
        passentity0_.modified_at as modified3_2_0_,
        passentity0_.ended_at as ended_at4_2_0_,
        passentity0_.expired_at as expired_5_2_0_,
        passentity0_.package_seq as package_6_2_0_,
        passentity0_.remaining_count as remainin7_2_0_,
        passentity0_.started_at as started_8_2_0_,
        passentity0_.status as status9_2_0_,
        passentity0_.user_id as user_id10_2_0_ 
    from
        pass passentity0_ 
    where
        passentity0_.pass_seq=?
2023-05-23 04:11:34.335 TRACE 89419 --- [    Test worker] o.h.type.descriptor.sql.BasicBinder      : binding parameter [1] as [INTEGER] - [19]
2023-05-23 04:11:34.337 TRACE 89419 --- [    Test worker] o.h.type.descriptor.sql.BasicExtractor   : extracted value ([created_2_2_0_] : [TIMESTAMP]) - [2023-05-23T04:11:34]
2023-05-23 04:11:34.337 TRACE 89419 --- [    Test worker] o.h.type.descriptor.sql.BasicExtractor   : extracted value ([modified3_2_0_] : [TIMESTAMP]) - [2023-05-23T04:11:34]
2023-05-23 04:11:34.337 TRACE 89419 --- [    Test worker] o.h.type.descriptor.sql.BasicExtractor   : extracted value ([ended_at4_2_0_] : [TIMESTAMP]) - [2023-05-22T04:11:34]
2023-05-23 04:11:34.338 TRACE 89419 --- [    Test worker] o.h.type.descriptor.sql.BasicExtractor   : extracted value ([expired_5_2_0_] : [TIMESTAMP]) - [null]
2023-05-23 04:11:34.338 TRACE 89419 --- [    Test worker] o.h.type.descriptor.sql.BasicExtractor   : extracted value ([package_6_2_0_] : [INTEGER]) - [1]
2023-05-23 04:11:34.338 TRACE 89419 --- [    Test worker] o.h.type.descriptor.sql.BasicExtractor   : extracted value ([remainin7_2_0_] : [INTEGER]) - [8]
2023-05-23 04:11:34.338 TRACE 89419 --- [    Test worker] o.h.type.descriptor.sql.BasicExtractor   : extracted value ([started_8_2_0_] : [TIMESTAMP]) - [2023-03-24T04:11:34]
2023-05-23 04:11:34.338 TRACE 89419 --- [    Test worker] o.h.type.descriptor.sql.BasicExtractor   : extracted value ([status9_2_0_] : [VARCHAR]) - [PROGRESS]
2023-05-23 04:11:34.338 TRACE 89419 --- [    Test worker] o.h.type.descriptor.sql.BasicExtractor   : extracted value ([user_id10_2_0_] : [VARCHAR]) - [A10000008]
Hibernate: 
    select
        passentity0_.pass_seq as pass_seq1_2_0_,
        passentity0_.created_at as created_2_2_0_,
        passentity0_.modified_at as modified3_2_0_,
        passentity0_.ended_at as ended_at4_2_0_,
        passentity0_.expired_at as expired_5_2_0_,
        passentity0_.package_seq as package_6_2_0_,
        passentity0_.remaining_count as remainin7_2_0_,
        passentity0_.started_at as started_8_2_0_,
        passentity0_.status as status9_2_0_,
        passentity0_.user_id as user_id10_2_0_ 
    from
        pass passentity0_ 
    where
        passentity0_.pass_seq=?
2023-05-23 04:11:34.340 TRACE 89419 --- [    Test worker] o.h.type.descriptor.sql.BasicBinder      : binding parameter [1] as [INTEGER] - [20]
2023-05-23 04:11:34.341 TRACE 89419 --- [    Test worker] o.h.type.descriptor.sql.BasicExtractor   : extracted value ([created_2_2_0_] : [TIMESTAMP]) - [2023-05-23T04:11:34]
2023-05-23 04:11:34.342 TRACE 89419 --- [    Test worker] o.h.type.descriptor.sql.BasicExtractor   : extracted value ([modified3_2_0_] : [TIMESTAMP]) - [2023-05-23T04:11:34]
2023-05-23 04:11:34.342 TRACE 89419 --- [    Test worker] o.h.type.descriptor.sql.BasicExtractor   : extracted value ([ended_at4_2_0_] : [TIMESTAMP]) - [2023-05-22T04:11:34]
2023-05-23 04:11:34.342 TRACE 89419 --- [    Test worker] o.h.type.descriptor.sql.BasicExtractor   : extracted value ([expired_5_2_0_] : [TIMESTAMP]) - [null]
2023-05-23 04:11:34.342 TRACE 89419 --- [    Test worker] o.h.type.descriptor.sql.BasicExtractor   : extracted value ([package_6_2_0_] : [INTEGER]) - [1]
2023-05-23 04:11:34.342 TRACE 89419 --- [    Test worker] o.h.type.descriptor.sql.BasicExtractor   : extracted value ([remainin7_2_0_] : [INTEGER]) - [3]
2023-05-23 04:11:34.342 TRACE 89419 --- [    Test worker] o.h.type.descriptor.sql.BasicExtractor   : extracted value ([started_8_2_0_] : [TIMESTAMP]) - [2023-03-24T04:11:34]
2023-05-23 04:11:34.342 TRACE 89419 --- [    Test worker] o.h.type.descriptor.sql.BasicExtractor   : extracted value ([status9_2_0_] : [VARCHAR]) - [PROGRESS]
2023-05-23 04:11:34.342 TRACE 89419 --- [    Test worker] o.h.type.descriptor.sql.BasicExtractor   : extracted value ([user_id10_2_0_] : [VARCHAR]) - [A10000009]
Hibernate: 
    update
        pass 
    set
        modified_at=?,
        ended_at=?,
        expired_at=?,
        package_seq=?,
        remaining_count=?,
        started_at=?,
        status=?,
        user_id=? 
    where
        pass_seq=?
2023-05-23 04:11:34.344 TRACE 89419 --- [    Test worker] o.h.type.descriptor.sql.BasicBinder      : binding parameter [1] as [TIMESTAMP] - [2023-05-23T04:11:34.343110]
2023-05-23 04:11:34.344 TRACE 89419 --- [    Test worker] o.h.type.descriptor.sql.BasicBinder      : binding parameter [2] as [TIMESTAMP] - [2023-05-22T04:11:34]
2023-05-23 04:11:34.344 TRACE 89419 --- [    Test worker] o.h.type.descriptor.sql.BasicBinder      : binding parameter [3] as [TIMESTAMP] - [2023-05-23T04:11:34.306038]
2023-05-23 04:11:34.344 TRACE 89419 --- [    Test worker] o.h.type.descriptor.sql.BasicBinder      : binding parameter [4] as [INTEGER] - [1]
2023-05-23 04:11:34.344 TRACE 89419 --- [    Test worker] o.h.type.descriptor.sql.BasicBinder      : binding parameter [5] as [INTEGER] - [0]
2023-05-23 04:11:34.344 TRACE 89419 --- [    Test worker] o.h.type.descriptor.sql.BasicBinder      : binding parameter [6] as [TIMESTAMP] - [2023-03-24T04:11:34]
2023-05-23 04:11:34.344 TRACE 89419 --- [    Test worker] o.h.type.descriptor.sql.BasicBinder      : binding parameter [7] as [VARCHAR] - [EXPIRED]
2023-05-23 04:11:34.344 TRACE 89419 --- [    Test worker] o.h.type.descriptor.sql.BasicBinder      : binding parameter [8] as [VARCHAR] - [A10000005]
2023-05-23 04:11:34.344 TRACE 89419 --- [    Test worker] o.h.type.descriptor.sql.BasicBinder      : binding parameter [9] as [INTEGER] - [16]
Hibernate: 
    update
        pass 
    set
        modified_at=?,
        ended_at=?,
        expired_at=?,
        package_seq=?,
        remaining_count=?,
        started_at=?,
        status=?,
        user_id=? 
    where
        pass_seq=?
2023-05-23 04:11:34.348 TRACE 89419 --- [    Test worker] o.h.type.descriptor.sql.BasicBinder      : binding parameter [1] as [TIMESTAMP] - [2023-05-23T04:11:34.343355]
2023-05-23 04:11:34.348 TRACE 89419 --- [    Test worker] o.h.type.descriptor.sql.BasicBinder      : binding parameter [2] as [TIMESTAMP] - [2023-05-22T04:11:34]
2023-05-23 04:11:34.348 TRACE 89419 --- [    Test worker] o.h.type.descriptor.sql.BasicBinder      : binding parameter [3] as [TIMESTAMP] - [2023-05-23T04:11:34.306072]
2023-05-23 04:11:34.348 TRACE 89419 --- [    Test worker] o.h.type.descriptor.sql.BasicBinder      : binding parameter [4] as [INTEGER] - [1]
2023-05-23 04:11:34.348 TRACE 89419 --- [    Test worker] o.h.type.descriptor.sql.BasicBinder      : binding parameter [5] as [INTEGER] - [4]
2023-05-23 04:11:34.348 TRACE 89419 --- [    Test worker] o.h.type.descriptor.sql.BasicBinder      : binding parameter [6] as [TIMESTAMP] - [2023-03-24T04:11:34]
2023-05-23 04:11:34.348 TRACE 89419 --- [    Test worker] o.h.type.descriptor.sql.BasicBinder      : binding parameter [7] as [VARCHAR] - [EXPIRED]
2023-05-23 04:11:34.348 TRACE 89419 --- [    Test worker] o.h.type.descriptor.sql.BasicBinder      : binding parameter [8] as [VARCHAR] - [A10000006]
2023-05-23 04:11:34.348 TRACE 89419 --- [    Test worker] o.h.type.descriptor.sql.BasicBinder      : binding parameter [9] as [INTEGER] - [17]
Hibernate: 
    update
        pass 
    set
        modified_at=?,
        ended_at=?,
        expired_at=?,
        package_seq=?,
        remaining_count=?,
        started_at=?,
        status=?,
        user_id=? 
    where
        pass_seq=?
2023-05-23 04:11:34.353 TRACE 89419 --- [    Test worker] o.h.type.descriptor.sql.BasicBinder      : binding parameter [1] as [TIMESTAMP] - [2023-05-23T04:11:34.343457]
2023-05-23 04:11:34.353 TRACE 89419 --- [    Test worker] o.h.type.descriptor.sql.BasicBinder      : binding parameter [2] as [TIMESTAMP] - [2023-05-22T04:11:34]
2023-05-23 04:11:34.354 TRACE 89419 --- [    Test worker] o.h.type.descriptor.sql.BasicBinder      : binding parameter [3] as [TIMESTAMP] - [2023-05-23T04:11:34.306090]
2023-05-23 04:11:34.354 TRACE 89419 --- [    Test worker] o.h.type.descriptor.sql.BasicBinder      : binding parameter [4] as [INTEGER] - [1]
2023-05-23 04:11:34.354 TRACE 89419 --- [    Test worker] o.h.type.descriptor.sql.BasicBinder      : binding parameter [5] as [INTEGER] - [4]
2023-05-23 04:11:34.354 TRACE 89419 --- [    Test worker] o.h.type.descriptor.sql.BasicBinder      : binding parameter [6] as [TIMESTAMP] - [2023-03-24T04:11:34]
2023-05-23 04:11:34.354 TRACE 89419 --- [    Test worker] o.h.type.descriptor.sql.BasicBinder      : binding parameter [7] as [VARCHAR] - [EXPIRED]
2023-05-23 04:11:34.354 TRACE 89419 --- [    Test worker] o.h.type.descriptor.sql.BasicBinder      : binding parameter [8] as [VARCHAR] - [A10000007]
2023-05-23 04:11:34.354 TRACE 89419 --- [    Test worker] o.h.type.descriptor.sql.BasicBinder      : binding parameter [9] as [INTEGER] - [18]
Hibernate: 
    update
        pass 
    set
        modified_at=?,
        ended_at=?,
        expired_at=?,
        package_seq=?,
        remaining_count=?,
        started_at=?,
        status=?,
        user_id=? 
    where
        pass_seq=?
2023-05-23 04:11:34.359 TRACE 89419 --- [    Test worker] o.h.type.descriptor.sql.BasicBinder      : binding parameter [1] as [TIMESTAMP] - [2023-05-23T04:11:34.343622]
2023-05-23 04:11:34.362 TRACE 89419 --- [    Test worker] o.h.type.descriptor.sql.BasicBinder      : binding parameter [2] as [TIMESTAMP] - [2023-05-22T04:11:34]
2023-05-23 04:11:34.363 TRACE 89419 --- [    Test worker] o.h.type.descriptor.sql.BasicBinder      : binding parameter [3] as [TIMESTAMP] - [2023-05-23T04:11:34.306105]
2023-05-23 04:11:34.363 TRACE 89419 --- [    Test worker] o.h.type.descriptor.sql.BasicBinder      : binding parameter [4] as [INTEGER] - [1]
2023-05-23 04:11:34.363 TRACE 89419 --- [    Test worker] o.h.type.descriptor.sql.BasicBinder      : binding parameter [5] as [INTEGER] - [8]
2023-05-23 04:11:34.363 TRACE 89419 --- [    Test worker] o.h.type.descriptor.sql.BasicBinder      : binding parameter [6] as [TIMESTAMP] - [2023-03-24T04:11:34]
2023-05-23 04:11:34.363 TRACE 89419 --- [    Test worker] o.h.type.descriptor.sql.BasicBinder      : binding parameter [7] as [VARCHAR] - [EXPIRED]
2023-05-23 04:11:34.363 TRACE 89419 --- [    Test worker] o.h.type.descriptor.sql.BasicBinder      : binding parameter [8] as [VARCHAR] - [A10000008]
2023-05-23 04:11:34.363 TRACE 89419 --- [    Test worker] o.h.type.descriptor.sql.BasicBinder      : binding parameter [9] as [INTEGER] - [19]
Hibernate: 
    update
        pass 
    set
        modified_at=?,
        ended_at=?,
        expired_at=?,
        package_seq=?,
        remaining_count=?,
        started_at=?,
        status=?,
        user_id=? 
    where
        pass_seq=?
2023-05-23 04:11:34.366 TRACE 89419 --- [    Test worker] o.h.type.descriptor.sql.BasicBinder      : binding parameter [1] as [TIMESTAMP] - [2023-05-23T04:11:34.343751]
2023-05-23 04:11:34.366 TRACE 89419 --- [    Test worker] o.h.type.descriptor.sql.BasicBinder      : binding parameter [2] as [TIMESTAMP] - [2023-05-22T04:11:34]
2023-05-23 04:11:34.366 TRACE 89419 --- [    Test worker] o.h.type.descriptor.sql.BasicBinder      : binding parameter [3] as [TIMESTAMP] - [2023-05-23T04:11:34.306118]
2023-05-23 04:11:34.366 TRACE 89419 --- [    Test worker] o.h.type.descriptor.sql.BasicBinder      : binding parameter [4] as [INTEGER] - [1]
2023-05-23 04:11:34.366 TRACE 89419 --- [    Test worker] o.h.type.descriptor.sql.BasicBinder      : binding parameter [5] as [INTEGER] - [3]
2023-05-23 04:11:34.366 TRACE 89419 --- [    Test worker] o.h.type.descriptor.sql.BasicBinder      : binding parameter [6] as [TIMESTAMP] - [2023-03-24T04:11:34]
2023-05-23 04:11:34.366 TRACE 89419 --- [    Test worker] o.h.type.descriptor.sql.BasicBinder      : binding parameter [7] as [VARCHAR] - [EXPIRED]
2023-05-23 04:11:34.366 TRACE 89419 --- [    Test worker] o.h.type.descriptor.sql.BasicBinder      : binding parameter [8] as [VARCHAR] - [A10000009]
2023-05-23 04:11:34.366 TRACE 89419 --- [    Test worker] o.h.type.descriptor.sql.BasicBinder      : binding parameter [9] as [INTEGER] - [20]
2023-05-23 04:11:34.396  INFO 89419 --- [    Test worker] o.s.batch.core.step.AbstractStep         : Step: [expirePassesJob] executed in 336ms
2023-05-23 04:11:34.412  INFO 89419 --- [    Test worker] o.s.b.c.l.support.SimpleJobLauncher      : Job: [SimpleJob: [name=expirePassesJob]] completed with the following parameters: [{random=6567299333797721173}] and the following status: [COMPLETED] in 376ms
]]></system-out>
  <system-err><![CDATA[]]></system-err>
</testsuite>
